ARM GAS  C:\Users\86152\AppData\Local\Temp\cck24Cue.s 			page 1


   1              		.cpu cortex-m4
   2              		.arch armv7e-m
   3              		.fpu fpv4-sp-d16
   4              		.eabi_attribute 27, 1
   5              		.eabi_attribute 28, 1
   6              		.eabi_attribute 20, 1
   7              		.eabi_attribute 21, 1
   8              		.eabi_attribute 23, 3
   9              		.eabi_attribute 24, 1
  10              		.eabi_attribute 25, 1
  11              		.eabi_attribute 26, 1
  12              		.eabi_attribute 30, 1
  13              		.eabi_attribute 34, 1
  14              		.eabi_attribute 18, 4
  15              		.file	"can.c"
  16              		.text
  17              	.Ltext0:
  18              		.cfi_sections	.debug_frame
  19              		.section	.text.MX_CAN1_Init,"ax",%progbits
  20              		.align	1
  21              		.global	MX_CAN1_Init
  22              		.syntax unified
  23              		.thumb
  24              		.thumb_func
  26              	MX_CAN1_Init:
  27              	.LFB130:
  28              		.file 1 "Core/Src/can.c"
   1:Core/Src/can.c **** /**
   2:Core/Src/can.c ****   ******************************************************************************
   3:Core/Src/can.c ****   * File Name          : CAN.c
   4:Core/Src/can.c ****   * Description        : This file provides code for the configuration
   5:Core/Src/can.c ****   *                      of the CAN instances.
   6:Core/Src/can.c ****   ******************************************************************************
   7:Core/Src/can.c ****   * @attention
   8:Core/Src/can.c ****   *
   9:Core/Src/can.c ****   * <h2><center>&copy; Copyright (c) 2025 STMicroelectronics.
  10:Core/Src/can.c ****   * All rights reserved.</center></h2>
  11:Core/Src/can.c ****   *
  12:Core/Src/can.c ****   * This software component is licensed by ST under Ultimate Liberty license
  13:Core/Src/can.c ****   * SLA0044, the "License"; You may not use this file except in compliance with
  14:Core/Src/can.c ****   * the License. You may obtain a copy of the License at:
  15:Core/Src/can.c ****   *                             www.st.com/SLA0044
  16:Core/Src/can.c ****   *
  17:Core/Src/can.c ****   ******************************************************************************
  18:Core/Src/can.c ****   */
  19:Core/Src/can.c **** 
  20:Core/Src/can.c **** /* Includes ------------------------------------------------------------------*/
  21:Core/Src/can.c **** #include "can.h"
  22:Core/Src/can.c **** 
  23:Core/Src/can.c **** /* USER CODE BEGIN 0 */
  24:Core/Src/can.c **** 
  25:Core/Src/can.c **** /* USER CODE END 0 */
  26:Core/Src/can.c **** 
  27:Core/Src/can.c **** CAN_HandleTypeDef hcan1;
  28:Core/Src/can.c **** CAN_HandleTypeDef hcan2;
  29:Core/Src/can.c **** 
  30:Core/Src/can.c **** /* CAN1 init function */
ARM GAS  C:\Users\86152\AppData\Local\Temp\cck24Cue.s 			page 2


  31:Core/Src/can.c **** void MX_CAN1_Init(void)
  32:Core/Src/can.c **** {
  29              		.loc 1 32 1 view -0
  30              		.cfi_startproc
  31              		@ args = 0, pretend = 0, frame = 0
  32              		@ frame_needed = 0, uses_anonymous_args = 0
  33 0000 08B5     		push	{r3, lr}
  34              	.LCFI0:
  35              		.cfi_def_cfa_offset 8
  36              		.cfi_offset 3, -8
  37              		.cfi_offset 14, -4
  33:Core/Src/can.c **** 
  34:Core/Src/can.c ****   hcan1.Instance = CAN1;
  38              		.loc 1 34 3 view .LVU1
  39              		.loc 1 34 18 is_stmt 0 view .LVU2
  40 0002 0D48     		ldr	r0, .L5
  41 0004 0D4B     		ldr	r3, .L5+4
  42 0006 0360     		str	r3, [r0]
  35:Core/Src/can.c ****   hcan1.Init.Prescaler = 3;
  43              		.loc 1 35 3 is_stmt 1 view .LVU3
  44              		.loc 1 35 24 is_stmt 0 view .LVU4
  45 0008 0323     		movs	r3, #3
  46 000a 4360     		str	r3, [r0, #4]
  36:Core/Src/can.c ****   hcan1.Init.Mode = CAN_MODE_NORMAL;
  47              		.loc 1 36 3 is_stmt 1 view .LVU5
  48              		.loc 1 36 19 is_stmt 0 view .LVU6
  49 000c 0023     		movs	r3, #0
  50 000e 8360     		str	r3, [r0, #8]
  37:Core/Src/can.c ****   hcan1.Init.SyncJumpWidth = CAN_SJW_1TQ;
  51              		.loc 1 37 3 is_stmt 1 view .LVU7
  52              		.loc 1 37 28 is_stmt 0 view .LVU8
  53 0010 C360     		str	r3, [r0, #12]
  38:Core/Src/can.c ****   hcan1.Init.TimeSeg1 = CAN_BS1_10TQ;
  54              		.loc 1 38 3 is_stmt 1 view .LVU9
  55              		.loc 1 38 23 is_stmt 0 view .LVU10
  56 0012 4FF41022 		mov	r2, #589824
  57 0016 0261     		str	r2, [r0, #16]
  39:Core/Src/can.c ****   hcan1.Init.TimeSeg2 = CAN_BS2_3TQ;
  58              		.loc 1 39 3 is_stmt 1 view .LVU11
  59              		.loc 1 39 23 is_stmt 0 view .LVU12
  60 0018 4FF40012 		mov	r2, #2097152
  61 001c 4261     		str	r2, [r0, #20]
  40:Core/Src/can.c ****   hcan1.Init.TimeTriggeredMode = DISABLE;
  62              		.loc 1 40 3 is_stmt 1 view .LVU13
  63              		.loc 1 40 32 is_stmt 0 view .LVU14
  64 001e 0376     		strb	r3, [r0, #24]
  41:Core/Src/can.c ****   hcan1.Init.AutoBusOff = DISABLE;
  65              		.loc 1 41 3 is_stmt 1 view .LVU15
  66              		.loc 1 41 25 is_stmt 0 view .LVU16
  67 0020 4376     		strb	r3, [r0, #25]
  42:Core/Src/can.c ****   hcan1.Init.AutoWakeUp = DISABLE;
  68              		.loc 1 42 3 is_stmt 1 view .LVU17
  69              		.loc 1 42 25 is_stmt 0 view .LVU18
  70 0022 8376     		strb	r3, [r0, #26]
  43:Core/Src/can.c ****   hcan1.Init.AutoRetransmission = DISABLE;
  71              		.loc 1 43 3 is_stmt 1 view .LVU19
  72              		.loc 1 43 33 is_stmt 0 view .LVU20
ARM GAS  C:\Users\86152\AppData\Local\Temp\cck24Cue.s 			page 3


  73 0024 C376     		strb	r3, [r0, #27]
  44:Core/Src/can.c ****   hcan1.Init.ReceiveFifoLocked = DISABLE;
  74              		.loc 1 44 3 is_stmt 1 view .LVU21
  75              		.loc 1 44 32 is_stmt 0 view .LVU22
  76 0026 0377     		strb	r3, [r0, #28]
  45:Core/Src/can.c ****   hcan1.Init.TransmitFifoPriority = DISABLE;
  77              		.loc 1 45 3 is_stmt 1 view .LVU23
  78              		.loc 1 45 35 is_stmt 0 view .LVU24
  79 0028 4377     		strb	r3, [r0, #29]
  46:Core/Src/can.c ****   if (HAL_CAN_Init(&hcan1) != HAL_OK)
  80              		.loc 1 46 3 is_stmt 1 view .LVU25
  81              		.loc 1 46 7 is_stmt 0 view .LVU26
  82 002a FFF7FEFF 		bl	HAL_CAN_Init
  83              	.LVL0:
  84              		.loc 1 46 6 view .LVU27
  85 002e 00B9     		cbnz	r0, .L4
  86              	.L1:
  47:Core/Src/can.c ****   {
  48:Core/Src/can.c ****     Error_Handler();
  49:Core/Src/can.c ****   }
  50:Core/Src/can.c **** 
  51:Core/Src/can.c **** }
  87              		.loc 1 51 1 view .LVU28
  88 0030 08BD     		pop	{r3, pc}
  89              	.L4:
  48:Core/Src/can.c ****   }
  90              		.loc 1 48 5 is_stmt 1 view .LVU29
  91 0032 FFF7FEFF 		bl	Error_Handler
  92              	.LVL1:
  93              		.loc 1 51 1 is_stmt 0 view .LVU30
  94 0036 FBE7     		b	.L1
  95              	.L6:
  96              		.align	2
  97              	.L5:
  98 0038 00000000 		.word	.LANCHOR0
  99 003c 00640040 		.word	1073767424
 100              		.cfi_endproc
 101              	.LFE130:
 103              		.section	.text.MX_CAN2_Init,"ax",%progbits
 104              		.align	1
 105              		.global	MX_CAN2_Init
 106              		.syntax unified
 107              		.thumb
 108              		.thumb_func
 110              	MX_CAN2_Init:
 111              	.LFB131:
  52:Core/Src/can.c **** /* CAN2 init function */
  53:Core/Src/can.c **** void MX_CAN2_Init(void)
  54:Core/Src/can.c **** {
 112              		.loc 1 54 1 is_stmt 1 view -0
 113              		.cfi_startproc
 114              		@ args = 0, pretend = 0, frame = 0
 115              		@ frame_needed = 0, uses_anonymous_args = 0
 116 0000 08B5     		push	{r3, lr}
 117              	.LCFI1:
 118              		.cfi_def_cfa_offset 8
 119              		.cfi_offset 3, -8
ARM GAS  C:\Users\86152\AppData\Local\Temp\cck24Cue.s 			page 4


 120              		.cfi_offset 14, -4
  55:Core/Src/can.c **** 
  56:Core/Src/can.c ****   hcan2.Instance = CAN2;
 121              		.loc 1 56 3 view .LVU32
 122              		.loc 1 56 18 is_stmt 0 view .LVU33
 123 0002 0D48     		ldr	r0, .L11
 124 0004 0D4B     		ldr	r3, .L11+4
 125 0006 0360     		str	r3, [r0]
  57:Core/Src/can.c ****   hcan2.Init.Prescaler = 3;
 126              		.loc 1 57 3 is_stmt 1 view .LVU34
 127              		.loc 1 57 24 is_stmt 0 view .LVU35
 128 0008 0323     		movs	r3, #3
 129 000a 4360     		str	r3, [r0, #4]
  58:Core/Src/can.c ****   hcan2.Init.Mode = CAN_MODE_NORMAL;
 130              		.loc 1 58 3 is_stmt 1 view .LVU36
 131              		.loc 1 58 19 is_stmt 0 view .LVU37
 132 000c 0023     		movs	r3, #0
 133 000e 8360     		str	r3, [r0, #8]
  59:Core/Src/can.c ****   hcan2.Init.SyncJumpWidth = CAN_SJW_1TQ;
 134              		.loc 1 59 3 is_stmt 1 view .LVU38
 135              		.loc 1 59 28 is_stmt 0 view .LVU39
 136 0010 C360     		str	r3, [r0, #12]
  60:Core/Src/can.c ****   hcan2.Init.TimeSeg1 = CAN_BS1_10TQ;
 137              		.loc 1 60 3 is_stmt 1 view .LVU40
 138              		.loc 1 60 23 is_stmt 0 view .LVU41
 139 0012 4FF41022 		mov	r2, #589824
 140 0016 0261     		str	r2, [r0, #16]
  61:Core/Src/can.c ****   hcan2.Init.TimeSeg2 = CAN_BS2_3TQ;
 141              		.loc 1 61 3 is_stmt 1 view .LVU42
 142              		.loc 1 61 23 is_stmt 0 view .LVU43
 143 0018 4FF40012 		mov	r2, #2097152
 144 001c 4261     		str	r2, [r0, #20]
  62:Core/Src/can.c ****   hcan2.Init.TimeTriggeredMode = DISABLE;
 145              		.loc 1 62 3 is_stmt 1 view .LVU44
 146              		.loc 1 62 32 is_stmt 0 view .LVU45
 147 001e 0376     		strb	r3, [r0, #24]
  63:Core/Src/can.c ****   hcan2.Init.AutoBusOff = DISABLE;
 148              		.loc 1 63 3 is_stmt 1 view .LVU46
 149              		.loc 1 63 25 is_stmt 0 view .LVU47
 150 0020 4376     		strb	r3, [r0, #25]
  64:Core/Src/can.c ****   hcan2.Init.AutoWakeUp = DISABLE;
 151              		.loc 1 64 3 is_stmt 1 view .LVU48
 152              		.loc 1 64 25 is_stmt 0 view .LVU49
 153 0022 8376     		strb	r3, [r0, #26]
  65:Core/Src/can.c ****   hcan2.Init.AutoRetransmission = DISABLE;
 154              		.loc 1 65 3 is_stmt 1 view .LVU50
 155              		.loc 1 65 33 is_stmt 0 view .LVU51
 156 0024 C376     		strb	r3, [r0, #27]
  66:Core/Src/can.c ****   hcan2.Init.ReceiveFifoLocked = DISABLE;
 157              		.loc 1 66 3 is_stmt 1 view .LVU52
 158              		.loc 1 66 32 is_stmt 0 view .LVU53
 159 0026 0377     		strb	r3, [r0, #28]
  67:Core/Src/can.c ****   hcan2.Init.TransmitFifoPriority = DISABLE;
 160              		.loc 1 67 3 is_stmt 1 view .LVU54
 161              		.loc 1 67 35 is_stmt 0 view .LVU55
 162 0028 4377     		strb	r3, [r0, #29]
  68:Core/Src/can.c ****   if (HAL_CAN_Init(&hcan2) != HAL_OK)
ARM GAS  C:\Users\86152\AppData\Local\Temp\cck24Cue.s 			page 5


 163              		.loc 1 68 3 is_stmt 1 view .LVU56
 164              		.loc 1 68 7 is_stmt 0 view .LVU57
 165 002a FFF7FEFF 		bl	HAL_CAN_Init
 166              	.LVL2:
 167              		.loc 1 68 6 view .LVU58
 168 002e 00B9     		cbnz	r0, .L10
 169              	.L7:
  69:Core/Src/can.c ****   {
  70:Core/Src/can.c ****     Error_Handler();
  71:Core/Src/can.c ****   }
  72:Core/Src/can.c **** 
  73:Core/Src/can.c **** }
 170              		.loc 1 73 1 view .LVU59
 171 0030 08BD     		pop	{r3, pc}
 172              	.L10:
  70:Core/Src/can.c ****   }
 173              		.loc 1 70 5 is_stmt 1 view .LVU60
 174 0032 FFF7FEFF 		bl	Error_Handler
 175              	.LVL3:
 176              		.loc 1 73 1 is_stmt 0 view .LVU61
 177 0036 FBE7     		b	.L7
 178              	.L12:
 179              		.align	2
 180              	.L11:
 181 0038 00000000 		.word	.LANCHOR1
 182 003c 00680040 		.word	1073768448
 183              		.cfi_endproc
 184              	.LFE131:
 186              		.section	.text.HAL_CAN_MspInit,"ax",%progbits
 187              		.align	1
 188              		.global	HAL_CAN_MspInit
 189              		.syntax unified
 190              		.thumb
 191              		.thumb_func
 193              	HAL_CAN_MspInit:
 194              	.LVL4:
 195              	.LFB132:
  74:Core/Src/can.c **** 
  75:Core/Src/can.c **** static uint32_t HAL_RCC_CAN1_CLK_ENABLED=0;
  76:Core/Src/can.c **** 
  77:Core/Src/can.c **** void HAL_CAN_MspInit(CAN_HandleTypeDef* canHandle)
  78:Core/Src/can.c **** {
 196              		.loc 1 78 1 is_stmt 1 view -0
 197              		.cfi_startproc
 198              		@ args = 0, pretend = 0, frame = 40
 199              		@ frame_needed = 0, uses_anonymous_args = 0
 200              		.loc 1 78 1 is_stmt 0 view .LVU63
 201 0000 10B5     		push	{r4, lr}
 202              	.LCFI2:
 203              		.cfi_def_cfa_offset 8
 204              		.cfi_offset 4, -8
 205              		.cfi_offset 14, -4
 206 0002 8AB0     		sub	sp, sp, #40
 207              	.LCFI3:
 208              		.cfi_def_cfa_offset 48
  79:Core/Src/can.c **** 
  80:Core/Src/can.c ****   GPIO_InitTypeDef GPIO_InitStruct = {0};
ARM GAS  C:\Users\86152\AppData\Local\Temp\cck24Cue.s 			page 6


 209              		.loc 1 80 3 is_stmt 1 view .LVU64
 210              		.loc 1 80 20 is_stmt 0 view .LVU65
 211 0004 0023     		movs	r3, #0
 212 0006 0593     		str	r3, [sp, #20]
 213 0008 0693     		str	r3, [sp, #24]
 214 000a 0793     		str	r3, [sp, #28]
 215 000c 0893     		str	r3, [sp, #32]
 216 000e 0993     		str	r3, [sp, #36]
  81:Core/Src/can.c ****   if(canHandle->Instance==CAN1)
 217              		.loc 1 81 3 is_stmt 1 view .LVU66
 218              		.loc 1 81 15 is_stmt 0 view .LVU67
 219 0010 0368     		ldr	r3, [r0]
 220              		.loc 1 81 5 view .LVU68
 221 0012 3D4A     		ldr	r2, .L23
 222 0014 9342     		cmp	r3, r2
 223 0016 04D0     		beq	.L19
  82:Core/Src/can.c ****   {
  83:Core/Src/can.c ****   /* USER CODE BEGIN CAN1_MspInit 0 */
  84:Core/Src/can.c **** 
  85:Core/Src/can.c ****   /* USER CODE END CAN1_MspInit 0 */
  86:Core/Src/can.c ****     /* CAN1 clock enable */
  87:Core/Src/can.c ****     HAL_RCC_CAN1_CLK_ENABLED++;
  88:Core/Src/can.c ****     if(HAL_RCC_CAN1_CLK_ENABLED==1){
  89:Core/Src/can.c ****       __HAL_RCC_CAN1_CLK_ENABLE();
  90:Core/Src/can.c ****     }
  91:Core/Src/can.c **** 
  92:Core/Src/can.c ****     __HAL_RCC_GPIOD_CLK_ENABLE();
  93:Core/Src/can.c ****     /**CAN1 GPIO Configuration
  94:Core/Src/can.c ****     PD0     ------> CAN1_RX
  95:Core/Src/can.c ****     PD1     ------> CAN1_TX
  96:Core/Src/can.c ****     */
  97:Core/Src/can.c ****     GPIO_InitStruct.Pin = GPIO_PIN_0|GPIO_PIN_1;
  98:Core/Src/can.c ****     GPIO_InitStruct.Mode = GPIO_MODE_AF_PP;
  99:Core/Src/can.c ****     GPIO_InitStruct.Pull = GPIO_NOPULL;
 100:Core/Src/can.c ****     GPIO_InitStruct.Speed = GPIO_SPEED_FREQ_VERY_HIGH;
 101:Core/Src/can.c ****     GPIO_InitStruct.Alternate = GPIO_AF9_CAN1;
 102:Core/Src/can.c ****     HAL_GPIO_Init(GPIOD, &GPIO_InitStruct);
 103:Core/Src/can.c **** 
 104:Core/Src/can.c ****     /* CAN1 interrupt Init */
 105:Core/Src/can.c ****     HAL_NVIC_SetPriority(CAN1_RX0_IRQn, 0, 0);
 106:Core/Src/can.c ****     HAL_NVIC_EnableIRQ(CAN1_RX0_IRQn);
 107:Core/Src/can.c ****   /* USER CODE BEGIN CAN1_MspInit 1 */
 108:Core/Src/can.c **** 
 109:Core/Src/can.c ****   /* USER CODE END CAN1_MspInit 1 */
 110:Core/Src/can.c ****   }
 111:Core/Src/can.c ****   else if(canHandle->Instance==CAN2)
 224              		.loc 1 111 8 is_stmt 1 view .LVU69
 225              		.loc 1 111 10 is_stmt 0 view .LVU70
 226 0018 3C4A     		ldr	r2, .L23+4
 227 001a 9342     		cmp	r3, r2
 228 001c 34D0     		beq	.L20
 229              	.LVL5:
 230              	.L13:
 112:Core/Src/can.c ****   {
 113:Core/Src/can.c ****   /* USER CODE BEGIN CAN2_MspInit 0 */
 114:Core/Src/can.c **** 
 115:Core/Src/can.c ****   /* USER CODE END CAN2_MspInit 0 */
ARM GAS  C:\Users\86152\AppData\Local\Temp\cck24Cue.s 			page 7


 116:Core/Src/can.c ****     /* CAN2 clock enable */
 117:Core/Src/can.c ****     __HAL_RCC_CAN2_CLK_ENABLE();
 118:Core/Src/can.c ****     HAL_RCC_CAN1_CLK_ENABLED++;
 119:Core/Src/can.c ****     if(HAL_RCC_CAN1_CLK_ENABLED==1){
 120:Core/Src/can.c ****       __HAL_RCC_CAN1_CLK_ENABLE();
 121:Core/Src/can.c ****     }
 122:Core/Src/can.c **** 
 123:Core/Src/can.c ****     __HAL_RCC_GPIOB_CLK_ENABLE();
 124:Core/Src/can.c ****     /**CAN2 GPIO Configuration
 125:Core/Src/can.c ****     PB5     ------> CAN2_RX
 126:Core/Src/can.c ****     PB6     ------> CAN2_TX
 127:Core/Src/can.c ****     */
 128:Core/Src/can.c ****     GPIO_InitStruct.Pin = GPIO_PIN_5|GPIO_PIN_6;
 129:Core/Src/can.c ****     GPIO_InitStruct.Mode = GPIO_MODE_AF_PP;
 130:Core/Src/can.c ****     GPIO_InitStruct.Pull = GPIO_NOPULL;
 131:Core/Src/can.c ****     GPIO_InitStruct.Speed = GPIO_SPEED_FREQ_VERY_HIGH;
 132:Core/Src/can.c ****     GPIO_InitStruct.Alternate = GPIO_AF9_CAN2;
 133:Core/Src/can.c ****     HAL_GPIO_Init(GPIOB, &GPIO_InitStruct);
 134:Core/Src/can.c **** 
 135:Core/Src/can.c ****     /* CAN2 interrupt Init */
 136:Core/Src/can.c ****     HAL_NVIC_SetPriority(CAN2_RX0_IRQn, 0, 0);
 137:Core/Src/can.c ****     HAL_NVIC_EnableIRQ(CAN2_RX0_IRQn);
 138:Core/Src/can.c ****   /* USER CODE BEGIN CAN2_MspInit 1 */
 139:Core/Src/can.c **** 
 140:Core/Src/can.c ****   /* USER CODE END CAN2_MspInit 1 */
 141:Core/Src/can.c ****   }
 142:Core/Src/can.c **** }
 231              		.loc 1 142 1 view .LVU71
 232 001e 0AB0     		add	sp, sp, #40
 233              	.LCFI4:
 234              		.cfi_remember_state
 235              		.cfi_def_cfa_offset 8
 236              		@ sp needed
 237 0020 10BD     		pop	{r4, pc}
 238              	.LVL6:
 239              	.L19:
 240              	.LCFI5:
 241              		.cfi_restore_state
  87:Core/Src/can.c ****     if(HAL_RCC_CAN1_CLK_ENABLED==1){
 242              		.loc 1 87 5 is_stmt 1 view .LVU72
  87:Core/Src/can.c ****     if(HAL_RCC_CAN1_CLK_ENABLED==1){
 243              		.loc 1 87 29 is_stmt 0 view .LVU73
 244 0022 3B4A     		ldr	r2, .L23+8
 245 0024 1368     		ldr	r3, [r2]
 246 0026 0133     		adds	r3, r3, #1
 247 0028 1360     		str	r3, [r2]
  88:Core/Src/can.c ****       __HAL_RCC_CAN1_CLK_ENABLE();
 248              		.loc 1 88 5 is_stmt 1 view .LVU74
  88:Core/Src/can.c ****       __HAL_RCC_CAN1_CLK_ENABLE();
 249              		.loc 1 88 7 is_stmt 0 view .LVU75
 250 002a 012B     		cmp	r3, #1
 251 002c 1FD0     		beq	.L21
 252              	.L15:
  89:Core/Src/can.c ****     }
 253              		.loc 1 89 7 is_stmt 1 discriminator 1 view .LVU76
  92:Core/Src/can.c ****     /**CAN1 GPIO Configuration
 254              		.loc 1 92 5 discriminator 1 view .LVU77
ARM GAS  C:\Users\86152\AppData\Local\Temp\cck24Cue.s 			page 8


 255              	.LBB2:
  92:Core/Src/can.c ****     /**CAN1 GPIO Configuration
 256              		.loc 1 92 5 discriminator 1 view .LVU78
 257 002e 0024     		movs	r4, #0
 258 0030 0194     		str	r4, [sp, #4]
  92:Core/Src/can.c ****     /**CAN1 GPIO Configuration
 259              		.loc 1 92 5 discriminator 1 view .LVU79
 260 0032 384B     		ldr	r3, .L23+12
 261 0034 1A6B     		ldr	r2, [r3, #48]
 262 0036 42F00802 		orr	r2, r2, #8
 263 003a 1A63     		str	r2, [r3, #48]
  92:Core/Src/can.c ****     /**CAN1 GPIO Configuration
 264              		.loc 1 92 5 discriminator 1 view .LVU80
 265 003c 1B6B     		ldr	r3, [r3, #48]
 266 003e 03F00803 		and	r3, r3, #8
 267 0042 0193     		str	r3, [sp, #4]
  92:Core/Src/can.c ****     /**CAN1 GPIO Configuration
 268              		.loc 1 92 5 discriminator 1 view .LVU81
 269 0044 019B     		ldr	r3, [sp, #4]
 270              	.LBE2:
  92:Core/Src/can.c ****     /**CAN1 GPIO Configuration
 271              		.loc 1 92 5 discriminator 1 view .LVU82
  97:Core/Src/can.c ****     GPIO_InitStruct.Mode = GPIO_MODE_AF_PP;
 272              		.loc 1 97 5 discriminator 1 view .LVU83
  97:Core/Src/can.c ****     GPIO_InitStruct.Mode = GPIO_MODE_AF_PP;
 273              		.loc 1 97 25 is_stmt 0 discriminator 1 view .LVU84
 274 0046 0323     		movs	r3, #3
 275 0048 0593     		str	r3, [sp, #20]
  98:Core/Src/can.c ****     GPIO_InitStruct.Pull = GPIO_NOPULL;
 276              		.loc 1 98 5 is_stmt 1 discriminator 1 view .LVU85
  98:Core/Src/can.c ****     GPIO_InitStruct.Pull = GPIO_NOPULL;
 277              		.loc 1 98 26 is_stmt 0 discriminator 1 view .LVU86
 278 004a 0222     		movs	r2, #2
 279 004c 0692     		str	r2, [sp, #24]
  99:Core/Src/can.c ****     GPIO_InitStruct.Speed = GPIO_SPEED_FREQ_VERY_HIGH;
 280              		.loc 1 99 5 is_stmt 1 discriminator 1 view .LVU87
 100:Core/Src/can.c ****     GPIO_InitStruct.Alternate = GPIO_AF9_CAN1;
 281              		.loc 1 100 5 discriminator 1 view .LVU88
 100:Core/Src/can.c ****     GPIO_InitStruct.Alternate = GPIO_AF9_CAN1;
 282              		.loc 1 100 27 is_stmt 0 discriminator 1 view .LVU89
 283 004e 0893     		str	r3, [sp, #32]
 101:Core/Src/can.c ****     HAL_GPIO_Init(GPIOD, &GPIO_InitStruct);
 284              		.loc 1 101 5 is_stmt 1 discriminator 1 view .LVU90
 101:Core/Src/can.c ****     HAL_GPIO_Init(GPIOD, &GPIO_InitStruct);
 285              		.loc 1 101 31 is_stmt 0 discriminator 1 view .LVU91
 286 0050 0923     		movs	r3, #9
 287 0052 0993     		str	r3, [sp, #36]
 102:Core/Src/can.c **** 
 288              		.loc 1 102 5 is_stmt 1 discriminator 1 view .LVU92
 289 0054 05A9     		add	r1, sp, #20
 290 0056 3048     		ldr	r0, .L23+16
 291              	.LVL7:
 102:Core/Src/can.c **** 
 292              		.loc 1 102 5 is_stmt 0 discriminator 1 view .LVU93
 293 0058 FFF7FEFF 		bl	HAL_GPIO_Init
 294              	.LVL8:
 105:Core/Src/can.c ****     HAL_NVIC_EnableIRQ(CAN1_RX0_IRQn);
ARM GAS  C:\Users\86152\AppData\Local\Temp\cck24Cue.s 			page 9


 295              		.loc 1 105 5 is_stmt 1 discriminator 1 view .LVU94
 296 005c 2246     		mov	r2, r4
 297 005e 2146     		mov	r1, r4
 298 0060 1420     		movs	r0, #20
 299 0062 FFF7FEFF 		bl	HAL_NVIC_SetPriority
 300              	.LVL9:
 106:Core/Src/can.c ****   /* USER CODE BEGIN CAN1_MspInit 1 */
 301              		.loc 1 106 5 discriminator 1 view .LVU95
 302 0066 1420     		movs	r0, #20
 303 0068 FFF7FEFF 		bl	HAL_NVIC_EnableIRQ
 304              	.LVL10:
 305 006c D7E7     		b	.L13
 306              	.LVL11:
 307              	.L21:
  89:Core/Src/can.c ****     }
 308              		.loc 1 89 7 view .LVU96
 309              	.LBB3:
  89:Core/Src/can.c ****     }
 310              		.loc 1 89 7 view .LVU97
 311 006e 0023     		movs	r3, #0
 312 0070 0093     		str	r3, [sp]
  89:Core/Src/can.c ****     }
 313              		.loc 1 89 7 view .LVU98
 314 0072 284B     		ldr	r3, .L23+12
 315 0074 1A6C     		ldr	r2, [r3, #64]
 316 0076 42F00072 		orr	r2, r2, #33554432
 317 007a 1A64     		str	r2, [r3, #64]
  89:Core/Src/can.c ****     }
 318              		.loc 1 89 7 view .LVU99
 319 007c 1B6C     		ldr	r3, [r3, #64]
 320 007e 03F00073 		and	r3, r3, #33554432
 321 0082 0093     		str	r3, [sp]
  89:Core/Src/can.c ****     }
 322              		.loc 1 89 7 view .LVU100
 323 0084 009B     		ldr	r3, [sp]
 324 0086 D2E7     		b	.L15
 325              	.L20:
 326              	.LBE3:
 117:Core/Src/can.c ****     HAL_RCC_CAN1_CLK_ENABLED++;
 327              		.loc 1 117 5 view .LVU101
 328              	.LBB4:
 117:Core/Src/can.c ****     HAL_RCC_CAN1_CLK_ENABLED++;
 329              		.loc 1 117 5 view .LVU102
 330 0088 0023     		movs	r3, #0
 331 008a 0293     		str	r3, [sp, #8]
 117:Core/Src/can.c ****     HAL_RCC_CAN1_CLK_ENABLED++;
 332              		.loc 1 117 5 view .LVU103
 333 008c 214B     		ldr	r3, .L23+12
 334 008e 1A6C     		ldr	r2, [r3, #64]
 335 0090 42F08062 		orr	r2, r2, #67108864
 336 0094 1A64     		str	r2, [r3, #64]
 117:Core/Src/can.c ****     HAL_RCC_CAN1_CLK_ENABLED++;
 337              		.loc 1 117 5 view .LVU104
 338 0096 1B6C     		ldr	r3, [r3, #64]
 339 0098 03F08063 		and	r3, r3, #67108864
 340 009c 0293     		str	r3, [sp, #8]
 117:Core/Src/can.c ****     HAL_RCC_CAN1_CLK_ENABLED++;
ARM GAS  C:\Users\86152\AppData\Local\Temp\cck24Cue.s 			page 10


 341              		.loc 1 117 5 view .LVU105
 342 009e 029B     		ldr	r3, [sp, #8]
 343              	.LBE4:
 117:Core/Src/can.c ****     HAL_RCC_CAN1_CLK_ENABLED++;
 344              		.loc 1 117 5 view .LVU106
 118:Core/Src/can.c ****     if(HAL_RCC_CAN1_CLK_ENABLED==1){
 345              		.loc 1 118 5 view .LVU107
 118:Core/Src/can.c ****     if(HAL_RCC_CAN1_CLK_ENABLED==1){
 346              		.loc 1 118 29 is_stmt 0 view .LVU108
 347 00a0 1B4A     		ldr	r2, .L23+8
 348 00a2 1368     		ldr	r3, [r2]
 349 00a4 0133     		adds	r3, r3, #1
 350 00a6 1360     		str	r3, [r2]
 119:Core/Src/can.c ****       __HAL_RCC_CAN1_CLK_ENABLE();
 351              		.loc 1 119 5 is_stmt 1 view .LVU109
 119:Core/Src/can.c ****       __HAL_RCC_CAN1_CLK_ENABLE();
 352              		.loc 1 119 7 is_stmt 0 view .LVU110
 353 00a8 012B     		cmp	r3, #1
 354 00aa 20D0     		beq	.L22
 355              	.L17:
 120:Core/Src/can.c ****     }
 356              		.loc 1 120 7 is_stmt 1 discriminator 1 view .LVU111
 123:Core/Src/can.c ****     /**CAN2 GPIO Configuration
 357              		.loc 1 123 5 discriminator 1 view .LVU112
 358              	.LBB5:
 123:Core/Src/can.c ****     /**CAN2 GPIO Configuration
 359              		.loc 1 123 5 discriminator 1 view .LVU113
 360 00ac 0024     		movs	r4, #0
 361 00ae 0494     		str	r4, [sp, #16]
 123:Core/Src/can.c ****     /**CAN2 GPIO Configuration
 362              		.loc 1 123 5 discriminator 1 view .LVU114
 363 00b0 184B     		ldr	r3, .L23+12
 364 00b2 1A6B     		ldr	r2, [r3, #48]
 365 00b4 42F00202 		orr	r2, r2, #2
 366 00b8 1A63     		str	r2, [r3, #48]
 123:Core/Src/can.c ****     /**CAN2 GPIO Configuration
 367              		.loc 1 123 5 discriminator 1 view .LVU115
 368 00ba 1B6B     		ldr	r3, [r3, #48]
 369 00bc 03F00203 		and	r3, r3, #2
 370 00c0 0493     		str	r3, [sp, #16]
 123:Core/Src/can.c ****     /**CAN2 GPIO Configuration
 371              		.loc 1 123 5 discriminator 1 view .LVU116
 372 00c2 049B     		ldr	r3, [sp, #16]
 373              	.LBE5:
 123:Core/Src/can.c ****     /**CAN2 GPIO Configuration
 374              		.loc 1 123 5 discriminator 1 view .LVU117
 128:Core/Src/can.c ****     GPIO_InitStruct.Mode = GPIO_MODE_AF_PP;
 375              		.loc 1 128 5 discriminator 1 view .LVU118
 128:Core/Src/can.c ****     GPIO_InitStruct.Mode = GPIO_MODE_AF_PP;
 376              		.loc 1 128 25 is_stmt 0 discriminator 1 view .LVU119
 377 00c4 6023     		movs	r3, #96
 378 00c6 0593     		str	r3, [sp, #20]
 129:Core/Src/can.c ****     GPIO_InitStruct.Pull = GPIO_NOPULL;
 379              		.loc 1 129 5 is_stmt 1 discriminator 1 view .LVU120
 129:Core/Src/can.c ****     GPIO_InitStruct.Pull = GPIO_NOPULL;
 380              		.loc 1 129 26 is_stmt 0 discriminator 1 view .LVU121
 381 00c8 0223     		movs	r3, #2
ARM GAS  C:\Users\86152\AppData\Local\Temp\cck24Cue.s 			page 11


 382 00ca 0693     		str	r3, [sp, #24]
 130:Core/Src/can.c ****     GPIO_InitStruct.Speed = GPIO_SPEED_FREQ_VERY_HIGH;
 383              		.loc 1 130 5 is_stmt 1 discriminator 1 view .LVU122
 131:Core/Src/can.c ****     GPIO_InitStruct.Alternate = GPIO_AF9_CAN2;
 384              		.loc 1 131 5 discriminator 1 view .LVU123
 131:Core/Src/can.c ****     GPIO_InitStruct.Alternate = GPIO_AF9_CAN2;
 385              		.loc 1 131 27 is_stmt 0 discriminator 1 view .LVU124
 386 00cc 0323     		movs	r3, #3
 387 00ce 0893     		str	r3, [sp, #32]
 132:Core/Src/can.c ****     HAL_GPIO_Init(GPIOB, &GPIO_InitStruct);
 388              		.loc 1 132 5 is_stmt 1 discriminator 1 view .LVU125
 132:Core/Src/can.c ****     HAL_GPIO_Init(GPIOB, &GPIO_InitStruct);
 389              		.loc 1 132 31 is_stmt 0 discriminator 1 view .LVU126
 390 00d0 0923     		movs	r3, #9
 391 00d2 0993     		str	r3, [sp, #36]
 133:Core/Src/can.c **** 
 392              		.loc 1 133 5 is_stmt 1 discriminator 1 view .LVU127
 393 00d4 05A9     		add	r1, sp, #20
 394 00d6 1148     		ldr	r0, .L23+20
 395              	.LVL12:
 133:Core/Src/can.c **** 
 396              		.loc 1 133 5 is_stmt 0 discriminator 1 view .LVU128
 397 00d8 FFF7FEFF 		bl	HAL_GPIO_Init
 398              	.LVL13:
 136:Core/Src/can.c ****     HAL_NVIC_EnableIRQ(CAN2_RX0_IRQn);
 399              		.loc 1 136 5 is_stmt 1 discriminator 1 view .LVU129
 400 00dc 2246     		mov	r2, r4
 401 00de 2146     		mov	r1, r4
 402 00e0 4020     		movs	r0, #64
 403 00e2 FFF7FEFF 		bl	HAL_NVIC_SetPriority
 404              	.LVL14:
 137:Core/Src/can.c ****   /* USER CODE BEGIN CAN2_MspInit 1 */
 405              		.loc 1 137 5 discriminator 1 view .LVU130
 406 00e6 4020     		movs	r0, #64
 407 00e8 FFF7FEFF 		bl	HAL_NVIC_EnableIRQ
 408              	.LVL15:
 409              		.loc 1 142 1 is_stmt 0 discriminator 1 view .LVU131
 410 00ec 97E7     		b	.L13
 411              	.LVL16:
 412              	.L22:
 120:Core/Src/can.c ****     }
 413              		.loc 1 120 7 is_stmt 1 view .LVU132
 414              	.LBB6:
 120:Core/Src/can.c ****     }
 415              		.loc 1 120 7 view .LVU133
 416 00ee 0023     		movs	r3, #0
 417 00f0 0393     		str	r3, [sp, #12]
 120:Core/Src/can.c ****     }
 418              		.loc 1 120 7 view .LVU134
 419 00f2 084B     		ldr	r3, .L23+12
 420 00f4 1A6C     		ldr	r2, [r3, #64]
 421 00f6 42F00072 		orr	r2, r2, #33554432
 422 00fa 1A64     		str	r2, [r3, #64]
 120:Core/Src/can.c ****     }
 423              		.loc 1 120 7 view .LVU135
 424 00fc 1B6C     		ldr	r3, [r3, #64]
 425 00fe 03F00073 		and	r3, r3, #33554432
ARM GAS  C:\Users\86152\AppData\Local\Temp\cck24Cue.s 			page 12


 426 0102 0393     		str	r3, [sp, #12]
 120:Core/Src/can.c ****     }
 427              		.loc 1 120 7 view .LVU136
 428 0104 039B     		ldr	r3, [sp, #12]
 429 0106 D1E7     		b	.L17
 430              	.L24:
 431              		.align	2
 432              	.L23:
 433 0108 00640040 		.word	1073767424
 434 010c 00680040 		.word	1073768448
 435 0110 00000000 		.word	.LANCHOR2
 436 0114 00380240 		.word	1073887232
 437 0118 000C0240 		.word	1073875968
 438 011c 00040240 		.word	1073873920
 439              	.LBE6:
 440              		.cfi_endproc
 441              	.LFE132:
 443              		.section	.text.HAL_CAN_MspDeInit,"ax",%progbits
 444              		.align	1
 445              		.global	HAL_CAN_MspDeInit
 446              		.syntax unified
 447              		.thumb
 448              		.thumb_func
 450              	HAL_CAN_MspDeInit:
 451              	.LVL17:
 452              	.LFB133:
 143:Core/Src/can.c **** 
 144:Core/Src/can.c **** void HAL_CAN_MspDeInit(CAN_HandleTypeDef* canHandle)
 145:Core/Src/can.c **** {
 453              		.loc 1 145 1 view -0
 454              		.cfi_startproc
 455              		@ args = 0, pretend = 0, frame = 0
 456              		@ frame_needed = 0, uses_anonymous_args = 0
 457              		.loc 1 145 1 is_stmt 0 view .LVU138
 458 0000 08B5     		push	{r3, lr}
 459              	.LCFI6:
 460              		.cfi_def_cfa_offset 8
 461              		.cfi_offset 3, -8
 462              		.cfi_offset 14, -4
 146:Core/Src/can.c **** 
 147:Core/Src/can.c ****   if(canHandle->Instance==CAN1)
 463              		.loc 1 147 3 is_stmt 1 view .LVU139
 464              		.loc 1 147 15 is_stmt 0 view .LVU140
 465 0002 0368     		ldr	r3, [r0]
 466              		.loc 1 147 5 view .LVU141
 467 0004 184A     		ldr	r2, .L33
 468 0006 9342     		cmp	r3, r2
 469 0008 03D0     		beq	.L31
 148:Core/Src/can.c ****   {
 149:Core/Src/can.c ****   /* USER CODE BEGIN CAN1_MspDeInit 0 */
 150:Core/Src/can.c **** 
 151:Core/Src/can.c ****   /* USER CODE END CAN1_MspDeInit 0 */
 152:Core/Src/can.c ****     /* Peripheral clock disable */
 153:Core/Src/can.c ****     HAL_RCC_CAN1_CLK_ENABLED--;
 154:Core/Src/can.c ****     if(HAL_RCC_CAN1_CLK_ENABLED==0){
 155:Core/Src/can.c ****       __HAL_RCC_CAN1_CLK_DISABLE();
 156:Core/Src/can.c ****     }
ARM GAS  C:\Users\86152\AppData\Local\Temp\cck24Cue.s 			page 13


 157:Core/Src/can.c **** 
 158:Core/Src/can.c ****     /**CAN1 GPIO Configuration
 159:Core/Src/can.c ****     PD0     ------> CAN1_RX
 160:Core/Src/can.c ****     PD1     ------> CAN1_TX
 161:Core/Src/can.c ****     */
 162:Core/Src/can.c ****     HAL_GPIO_DeInit(GPIOD, GPIO_PIN_0|GPIO_PIN_1);
 163:Core/Src/can.c **** 
 164:Core/Src/can.c ****     /* CAN1 interrupt Deinit */
 165:Core/Src/can.c ****     HAL_NVIC_DisableIRQ(CAN1_RX0_IRQn);
 166:Core/Src/can.c ****   /* USER CODE BEGIN CAN1_MspDeInit 1 */
 167:Core/Src/can.c **** 
 168:Core/Src/can.c ****   /* USER CODE END CAN1_MspDeInit 1 */
 169:Core/Src/can.c ****   }
 170:Core/Src/can.c ****   else if(canHandle->Instance==CAN2)
 470              		.loc 1 170 8 is_stmt 1 view .LVU142
 471              		.loc 1 170 10 is_stmt 0 view .LVU143
 472 000a 184A     		ldr	r2, .L33+4
 473 000c 9342     		cmp	r3, r2
 474 000e 12D0     		beq	.L32
 475              	.LVL18:
 476              	.L25:
 171:Core/Src/can.c ****   {
 172:Core/Src/can.c ****   /* USER CODE BEGIN CAN2_MspDeInit 0 */
 173:Core/Src/can.c **** 
 174:Core/Src/can.c ****   /* USER CODE END CAN2_MspDeInit 0 */
 175:Core/Src/can.c ****     /* Peripheral clock disable */
 176:Core/Src/can.c ****     __HAL_RCC_CAN2_CLK_DISABLE();
 177:Core/Src/can.c ****     HAL_RCC_CAN1_CLK_ENABLED--;
 178:Core/Src/can.c ****     if(HAL_RCC_CAN1_CLK_ENABLED==0){
 179:Core/Src/can.c ****       __HAL_RCC_CAN1_CLK_DISABLE();
 180:Core/Src/can.c ****     }
 181:Core/Src/can.c **** 
 182:Core/Src/can.c ****     /**CAN2 GPIO Configuration
 183:Core/Src/can.c ****     PB5     ------> CAN2_RX
 184:Core/Src/can.c ****     PB6     ------> CAN2_TX
 185:Core/Src/can.c ****     */
 186:Core/Src/can.c ****     HAL_GPIO_DeInit(GPIOB, GPIO_PIN_5|GPIO_PIN_6);
 187:Core/Src/can.c **** 
 188:Core/Src/can.c ****     /* CAN2 interrupt Deinit */
 189:Core/Src/can.c ****     HAL_NVIC_DisableIRQ(CAN2_RX0_IRQn);
 190:Core/Src/can.c ****   /* USER CODE BEGIN CAN2_MspDeInit 1 */
 191:Core/Src/can.c **** 
 192:Core/Src/can.c ****   /* USER CODE END CAN2_MspDeInit 1 */
 193:Core/Src/can.c ****   }
 194:Core/Src/can.c **** }
 477              		.loc 1 194 1 view .LVU144
 478 0010 08BD     		pop	{r3, pc}
 479              	.LVL19:
 480              	.L31:
 153:Core/Src/can.c ****     if(HAL_RCC_CAN1_CLK_ENABLED==0){
 481              		.loc 1 153 5 is_stmt 1 view .LVU145
 153:Core/Src/can.c ****     if(HAL_RCC_CAN1_CLK_ENABLED==0){
 482              		.loc 1 153 29 is_stmt 0 view .LVU146
 483 0012 174A     		ldr	r2, .L33+8
 484 0014 1368     		ldr	r3, [r2]
 485 0016 013B     		subs	r3, r3, #1
 486 0018 1360     		str	r3, [r2]
ARM GAS  C:\Users\86152\AppData\Local\Temp\cck24Cue.s 			page 14


 154:Core/Src/can.c ****       __HAL_RCC_CAN1_CLK_DISABLE();
 487              		.loc 1 154 5 is_stmt 1 view .LVU147
 154:Core/Src/can.c ****       __HAL_RCC_CAN1_CLK_DISABLE();
 488              		.loc 1 154 7 is_stmt 0 view .LVU148
 489 001a 23B9     		cbnz	r3, .L27
 155:Core/Src/can.c ****     }
 490              		.loc 1 155 7 is_stmt 1 view .LVU149
 491 001c 154A     		ldr	r2, .L33+12
 492 001e 136C     		ldr	r3, [r2, #64]
 493 0020 23F00073 		bic	r3, r3, #33554432
 494 0024 1364     		str	r3, [r2, #64]
 495              	.L27:
 162:Core/Src/can.c **** 
 496              		.loc 1 162 5 view .LVU150
 497 0026 0321     		movs	r1, #3
 498 0028 1348     		ldr	r0, .L33+16
 499              	.LVL20:
 162:Core/Src/can.c **** 
 500              		.loc 1 162 5 is_stmt 0 view .LVU151
 501 002a FFF7FEFF 		bl	HAL_GPIO_DeInit
 502              	.LVL21:
 165:Core/Src/can.c ****   /* USER CODE BEGIN CAN1_MspDeInit 1 */
 503              		.loc 1 165 5 is_stmt 1 view .LVU152
 504 002e 1420     		movs	r0, #20
 505 0030 FFF7FEFF 		bl	HAL_NVIC_DisableIRQ
 506              	.LVL22:
 507 0034 ECE7     		b	.L25
 508              	.LVL23:
 509              	.L32:
 176:Core/Src/can.c ****     HAL_RCC_CAN1_CLK_ENABLED--;
 510              		.loc 1 176 5 view .LVU153
 511 0036 02F5E832 		add	r2, r2, #118784
 512 003a 136C     		ldr	r3, [r2, #64]
 513 003c 23F08063 		bic	r3, r3, #67108864
 514 0040 1364     		str	r3, [r2, #64]
 177:Core/Src/can.c ****     if(HAL_RCC_CAN1_CLK_ENABLED==0){
 515              		.loc 1 177 5 view .LVU154
 177:Core/Src/can.c ****     if(HAL_RCC_CAN1_CLK_ENABLED==0){
 516              		.loc 1 177 29 is_stmt 0 view .LVU155
 517 0042 0B4A     		ldr	r2, .L33+8
 518 0044 1368     		ldr	r3, [r2]
 519 0046 013B     		subs	r3, r3, #1
 520 0048 1360     		str	r3, [r2]
 178:Core/Src/can.c ****       __HAL_RCC_CAN1_CLK_DISABLE();
 521              		.loc 1 178 5 is_stmt 1 view .LVU156
 178:Core/Src/can.c ****       __HAL_RCC_CAN1_CLK_DISABLE();
 522              		.loc 1 178 7 is_stmt 0 view .LVU157
 523 004a 23B9     		cbnz	r3, .L29
 179:Core/Src/can.c ****     }
 524              		.loc 1 179 7 is_stmt 1 view .LVU158
 525 004c 094A     		ldr	r2, .L33+12
 526 004e 136C     		ldr	r3, [r2, #64]
 527 0050 23F00073 		bic	r3, r3, #33554432
 528 0054 1364     		str	r3, [r2, #64]
 529              	.L29:
 186:Core/Src/can.c **** 
 530              		.loc 1 186 5 view .LVU159
ARM GAS  C:\Users\86152\AppData\Local\Temp\cck24Cue.s 			page 15


 531 0056 6021     		movs	r1, #96
 532 0058 0848     		ldr	r0, .L33+20
 533              	.LVL24:
 186:Core/Src/can.c **** 
 534              		.loc 1 186 5 is_stmt 0 view .LVU160
 535 005a FFF7FEFF 		bl	HAL_GPIO_DeInit
 536              	.LVL25:
 189:Core/Src/can.c ****   /* USER CODE BEGIN CAN2_MspDeInit 1 */
 537              		.loc 1 189 5 is_stmt 1 view .LVU161
 538 005e 4020     		movs	r0, #64
 539 0060 FFF7FEFF 		bl	HAL_NVIC_DisableIRQ
 540              	.LVL26:
 541              		.loc 1 194 1 is_stmt 0 view .LVU162
 542 0064 D4E7     		b	.L25
 543              	.L34:
 544 0066 00BF     		.align	2
 545              	.L33:
 546 0068 00640040 		.word	1073767424
 547 006c 00680040 		.word	1073768448
 548 0070 00000000 		.word	.LANCHOR2
 549 0074 00380240 		.word	1073887232
 550 0078 000C0240 		.word	1073875968
 551 007c 00040240 		.word	1073873920
 552              		.cfi_endproc
 553              	.LFE133:
 555              		.global	hcan2
 556              		.global	hcan1
 557              		.section	.bss.HAL_RCC_CAN1_CLK_ENABLED,"aw",%nobits
 558              		.align	2
 559              		.set	.LANCHOR2,. + 0
 562              	HAL_RCC_CAN1_CLK_ENABLED:
 563 0000 00000000 		.space	4
 564              		.section	.bss.hcan1,"aw",%nobits
 565              		.align	2
 566              		.set	.LANCHOR0,. + 0
 569              	hcan1:
 570 0000 00000000 		.space	40
 570      00000000 
 570      00000000 
 570      00000000 
 570      00000000 
 571              		.section	.bss.hcan2,"aw",%nobits
 572              		.align	2
 573              		.set	.LANCHOR1,. + 0
 576              	hcan2:
 577 0000 00000000 		.space	40
 577      00000000 
 577      00000000 
 577      00000000 
 577      00000000 
 578              		.text
 579              	.Letext0:
 580              		.file 2 "c:\\program files (x86)\\gnu arm embedded toolchain\\10 2021.10\\arm-none-eabi\\include\\
 581              		.file 3 "c:\\program files (x86)\\gnu arm embedded toolchain\\10 2021.10\\arm-none-eabi\\include\\
 582              		.file 4 "Drivers/CMSIS/Device/ST/STM32F4xx/Include/stm32f407xx.h"
 583              		.file 5 "Drivers/CMSIS/Device/ST/STM32F4xx/Include/stm32f4xx.h"
 584              		.file 6 "Drivers/STM32F4xx_HAL_Driver/Inc/stm32f4xx_hal_def.h"
ARM GAS  C:\Users\86152\AppData\Local\Temp\cck24Cue.s 			page 16


 585              		.file 7 "Drivers/STM32F4xx_HAL_Driver/Inc/stm32f4xx_hal_gpio.h"
 586              		.file 8 "Drivers/STM32F4xx_HAL_Driver/Inc/stm32f4xx_hal_can.h"
 587              		.file 9 "Core/Inc/can.h"
 588              		.file 10 "Drivers/STM32F4xx_HAL_Driver/Inc/stm32f4xx_hal_cortex.h"
 589              		.file 11 "Core/Inc/main.h"
ARM GAS  C:\Users\86152\AppData\Local\Temp\cck24Cue.s 			page 17


DEFINED SYMBOLS
                            *ABS*:00000000 can.c
C:\Users\86152\AppData\Local\Temp\cck24Cue.s:20     .text.MX_CAN1_Init:00000000 $t
C:\Users\86152\AppData\Local\Temp\cck24Cue.s:26     .text.MX_CAN1_Init:00000000 MX_CAN1_Init
C:\Users\86152\AppData\Local\Temp\cck24Cue.s:98     .text.MX_CAN1_Init:00000038 $d
C:\Users\86152\AppData\Local\Temp\cck24Cue.s:104    .text.MX_CAN2_Init:00000000 $t
C:\Users\86152\AppData\Local\Temp\cck24Cue.s:110    .text.MX_CAN2_Init:00000000 MX_CAN2_Init
C:\Users\86152\AppData\Local\Temp\cck24Cue.s:181    .text.MX_CAN2_Init:00000038 $d
C:\Users\86152\AppData\Local\Temp\cck24Cue.s:187    .text.HAL_CAN_MspInit:00000000 $t
C:\Users\86152\AppData\Local\Temp\cck24Cue.s:193    .text.HAL_CAN_MspInit:00000000 HAL_CAN_MspInit
C:\Users\86152\AppData\Local\Temp\cck24Cue.s:433    .text.HAL_CAN_MspInit:00000108 $d
C:\Users\86152\AppData\Local\Temp\cck24Cue.s:444    .text.HAL_CAN_MspDeInit:00000000 $t
C:\Users\86152\AppData\Local\Temp\cck24Cue.s:450    .text.HAL_CAN_MspDeInit:00000000 HAL_CAN_MspDeInit
C:\Users\86152\AppData\Local\Temp\cck24Cue.s:546    .text.HAL_CAN_MspDeInit:00000068 $d
C:\Users\86152\AppData\Local\Temp\cck24Cue.s:576    .bss.hcan2:00000000 hcan2
C:\Users\86152\AppData\Local\Temp\cck24Cue.s:569    .bss.hcan1:00000000 hcan1
C:\Users\86152\AppData\Local\Temp\cck24Cue.s:558    .bss.HAL_RCC_CAN1_CLK_ENABLED:00000000 $d
C:\Users\86152\AppData\Local\Temp\cck24Cue.s:562    .bss.HAL_RCC_CAN1_CLK_ENABLED:00000000 HAL_RCC_CAN1_CLK_ENABLED
C:\Users\86152\AppData\Local\Temp\cck24Cue.s:565    .bss.hcan1:00000000 $d
C:\Users\86152\AppData\Local\Temp\cck24Cue.s:572    .bss.hcan2:00000000 $d

UNDEFINED SYMBOLS
HAL_CAN_Init
Error_Handler
HAL_GPIO_Init
HAL_NVIC_SetPriority
HAL_NVIC_EnableIRQ
HAL_GPIO_DeInit
HAL_NVIC_DisableIRQ
