ARM GAS  C:\Users\86152\AppData\Local\Temp\cc5qjIha.s 			page 1


   1              		.cpu cortex-m4
   2              		.arch armv7e-m
   3              		.fpu fpv4-sp-d16
   4              		.eabi_attribute 27, 1
   5              		.eabi_attribute 28, 1
   6              		.eabi_attribute 20, 1
   7              		.eabi_attribute 21, 1
   8              		.eabi_attribute 23, 3
   9              		.eabi_attribute 24, 1
  10              		.eabi_attribute 25, 1
  11              		.eabi_attribute 26, 1
  12              		.eabi_attribute 30, 1
  13              		.eabi_attribute 34, 1
  14              		.eabi_attribute 18, 4
  15              		.file	"main.c"
  16              		.text
  17              	.Ltext0:
  18              		.cfi_sections	.debug_frame
  19              		.section	.text.SystemClock_Config,"ax",%progbits
  20              		.align	1
  21              		.global	SystemClock_Config
  22              		.syntax unified
  23              		.thumb
  24              		.thumb_func
  26              	SystemClock_Config:
  27              	.LFB172:
  28              		.file 1 "Core/Src/main.c"
   1:Core/Src/main.c **** /* USER CODE BEGIN Header */
   2:Core/Src/main.c **** /**
   3:Core/Src/main.c ****  ******************************************************************************
   4:Core/Src/main.c ****  * @file           : main.c
   5:Core/Src/main.c ****  * @brief          : Main program body
   6:Core/Src/main.c ****  ******************************************************************************
   7:Core/Src/main.c ****  * @attention
   8:Core/Src/main.c ****  *
   9:Core/Src/main.c ****  * <h2><center>&copy; Copyright (c) 2023 STMicroelectronics.
  10:Core/Src/main.c ****  * All rights reserved.</center></h2>
  11:Core/Src/main.c ****  *
  12:Core/Src/main.c ****  * This software component is licensed by ST under Ultimate Liberty license
  13:Core/Src/main.c ****  * SLA0044, the "License"; You may not use this file except in compliance with
  14:Core/Src/main.c ****  * the License. You may obtain a copy of the License at:
  15:Core/Src/main.c ****  *                             www.st.com/SLA0044
  16:Core/Src/main.c ****  *
  17:Core/Src/main.c ****  ******************************************************************************
  18:Core/Src/main.c ****  */
  19:Core/Src/main.c **** /* USER CODE END Header */
  20:Core/Src/main.c **** /* Includes ------------------------------------------------------------------*/
  21:Core/Src/main.c **** #include "main.h"
  22:Core/Src/main.c **** #include "cmsis_os.h"
  23:Core/Src/main.c **** #include "can.h"
  24:Core/Src/main.c **** #include "dma.h"
  25:Core/Src/main.c **** #include "i2c.h"
  26:Core/Src/main.c **** #include "spi.h"
  27:Core/Src/main.c **** #include "tim.h"
  28:Core/Src/main.c **** #include "usart.h"
  29:Core/Src/main.c **** #include "gpio.h"
  30:Core/Src/main.c **** 
ARM GAS  C:\Users\86152\AppData\Local\Temp\cc5qjIha.s 			page 2


  31:Core/Src/main.c **** /* Private includes ----------------------------------------------------------*/
  32:Core/Src/main.c **** /* USER CODE BEGIN Includes */
  33:Core/Src/main.c **** #include "includes.h"
  34:Core/Src/main.c **** /* USER CODE END Includes */
  35:Core/Src/main.c **** 
  36:Core/Src/main.c **** /* Private typedef -----------------------------------------------------------*/
  37:Core/Src/main.c **** /* USER CODE BEGIN PTD */
  38:Core/Src/main.c **** 
  39:Core/Src/main.c **** /* USER CODE END PTD */
  40:Core/Src/main.c **** 
  41:Core/Src/main.c **** /* Private define ------------------------------------------------------------*/
  42:Core/Src/main.c **** /* USER CODE BEGIN PD */
  43:Core/Src/main.c **** /* USER CODE END PD */
  44:Core/Src/main.c **** 
  45:Core/Src/main.c **** /* Private macro -------------------------------------------------------------*/
  46:Core/Src/main.c **** /* USER CODE BEGIN PM */
  47:Core/Src/main.c **** 
  48:Core/Src/main.c **** /* USER CODE END PM */
  49:Core/Src/main.c **** 
  50:Core/Src/main.c **** /* Private variables ---------------------------------------------------------*/
  51:Core/Src/main.c **** 
  52:Core/Src/main.c **** /* USER CODE BEGIN PV */
  53:Core/Src/main.c **** 
  54:Core/Src/main.c **** /* USER CODE END PV */
  55:Core/Src/main.c **** 
  56:Core/Src/main.c **** /* Private function prototypes -----------------------------------------------*/
  57:Core/Src/main.c **** void SystemClock_Config(void);
  58:Core/Src/main.c **** void MX_FREERTOS_Init(void);
  59:Core/Src/main.c **** /* USER CODE BEGIN PFP */
  60:Core/Src/main.c **** 
  61:Core/Src/main.c **** /* USER CODE END PFP */
  62:Core/Src/main.c **** 
  63:Core/Src/main.c **** /* Private user code ---------------------------------------------------------*/
  64:Core/Src/main.c **** /* USER CODE BEGIN 0 */
  65:Core/Src/main.c **** 
  66:Core/Src/main.c **** /* USER CODE END 0 */
  67:Core/Src/main.c **** 
  68:Core/Src/main.c **** /**
  69:Core/Src/main.c ****  * @brief  The application entry point.
  70:Core/Src/main.c ****  * @retval int
  71:Core/Src/main.c ****  */
  72:Core/Src/main.c **** int main(void)
  73:Core/Src/main.c **** {
  74:Core/Src/main.c ****   /* USER CODE BEGIN 1 */
  75:Core/Src/main.c **** 
  76:Core/Src/main.c ****   /* USER CODE END 1 */
  77:Core/Src/main.c **** 
  78:Core/Src/main.c ****   /* MCU Configuration--------------------------------------------------------*/
  79:Core/Src/main.c **** 
  80:Core/Src/main.c ****   /* Reset of all peripherals, Initializes the Flash interface and the Systick. */
  81:Core/Src/main.c ****   HAL_Init();
  82:Core/Src/main.c **** 
  83:Core/Src/main.c ****   /* USER CODE BEGIN Init */
  84:Core/Src/main.c **** 
  85:Core/Src/main.c ****   /* USER CODE END Init */
  86:Core/Src/main.c **** 
  87:Core/Src/main.c ****   /* Configure the system clock */
ARM GAS  C:\Users\86152\AppData\Local\Temp\cc5qjIha.s 			page 3


  88:Core/Src/main.c ****   SystemClock_Config();
  89:Core/Src/main.c **** 
  90:Core/Src/main.c ****   /* USER CODE BEGIN SysInit */
  91:Core/Src/main.c **** 
  92:Core/Src/main.c ****   /* USER CODE END SysInit */
  93:Core/Src/main.c **** 
  94:Core/Src/main.c ****   /* Initialize all configured peripherals */
  95:Core/Src/main.c ****   MX_GPIO_Init();
  96:Core/Src/main.c ****   MX_DMA_Init();
  97:Core/Src/main.c ****   MX_CAN1_Init();
  98:Core/Src/main.c ****   MX_CAN2_Init();
  99:Core/Src/main.c ****   MX_USART1_UART_Init();
 100:Core/Src/main.c ****   MX_USART3_UART_Init();
 101:Core/Src/main.c ****   MX_I2C3_Init();
 102:Core/Src/main.c ****   MX_SPI1_Init();
 103:Core/Src/main.c ****   MX_TIM10_Init();
 104:Core/Src/main.c ****   MX_TIM4_Init();
 105:Core/Src/main.c ****   /* USER CODE BEGIN 2 */
 106:Core/Src/main.c ****   DWT_Init(168);
 107:Core/Src/main.c ****   // HAL_IWDG_Refresh(&hiwdg);
 108:Core/Src/main.c ****   CAN_Device_Init();
 109:Core/Src/main.c ****   Remote_Control_Init(&huart3, RC_FRAME_LENGTH);
 110:Core/Src/main.c ****   while (BMI088_init(&hspi1, 0) != BMI088_NO_ERROR)
 111:Core/Src/main.c ****     ;
 112:Core/Src/main.c ****   /* USER CODE END 2 */
 113:Core/Src/main.c **** 
 114:Core/Src/main.c ****   /* Call init function for freertos objects (in freertos.c) */
 115:Core/Src/main.c ****   MX_FREERTOS_Init();
 116:Core/Src/main.c ****   /* Start scheduler */
 117:Core/Src/main.c ****   osKernelStart();
 118:Core/Src/main.c **** 
 119:Core/Src/main.c ****   /* We should never get here as control is now taken by the scheduler */
 120:Core/Src/main.c ****   /* Infinite loop */
 121:Core/Src/main.c ****   /* USER CODE BEGIN WHILE */
 122:Core/Src/main.c ****   while (1)
 123:Core/Src/main.c ****   {
 124:Core/Src/main.c ****     /* USER CODE END WHILE */
 125:Core/Src/main.c **** 
 126:Core/Src/main.c ****     /* USER CODE BEGIN 3 */
 127:Core/Src/main.c ****   }
 128:Core/Src/main.c ****   /* USER CODE END 3 */
 129:Core/Src/main.c **** }
 130:Core/Src/main.c **** 
 131:Core/Src/main.c **** /**
 132:Core/Src/main.c ****  * @brief System Clock Configuration
 133:Core/Src/main.c ****  * @retval None
 134:Core/Src/main.c ****  */
 135:Core/Src/main.c **** void SystemClock_Config(void)
 136:Core/Src/main.c **** {
  29              		.loc 1 136 1 view -0
  30              		.cfi_startproc
  31              		@ args = 0, pretend = 0, frame = 80
  32              		@ frame_needed = 0, uses_anonymous_args = 0
  33 0000 30B5     		push	{r4, r5, lr}
  34              	.LCFI0:
  35              		.cfi_def_cfa_offset 12
  36              		.cfi_offset 4, -12
ARM GAS  C:\Users\86152\AppData\Local\Temp\cc5qjIha.s 			page 4


  37              		.cfi_offset 5, -8
  38              		.cfi_offset 14, -4
  39 0002 95B0     		sub	sp, sp, #84
  40              	.LCFI1:
  41              		.cfi_def_cfa_offset 96
 137:Core/Src/main.c ****   RCC_OscInitTypeDef RCC_OscInitStruct = {0};
  42              		.loc 1 137 3 view .LVU1
  43              		.loc 1 137 22 is_stmt 0 view .LVU2
  44 0004 3022     		movs	r2, #48
  45 0006 0021     		movs	r1, #0
  46 0008 08A8     		add	r0, sp, #32
  47 000a FFF7FEFF 		bl	memset
  48              	.LVL0:
 138:Core/Src/main.c ****   RCC_ClkInitTypeDef RCC_ClkInitStruct = {0};
  49              		.loc 1 138 3 is_stmt 1 view .LVU3
  50              		.loc 1 138 22 is_stmt 0 view .LVU4
  51 000e 0024     		movs	r4, #0
  52 0010 0394     		str	r4, [sp, #12]
  53 0012 0494     		str	r4, [sp, #16]
  54 0014 0594     		str	r4, [sp, #20]
  55 0016 0694     		str	r4, [sp, #24]
  56 0018 0794     		str	r4, [sp, #28]
 139:Core/Src/main.c **** 
 140:Core/Src/main.c ****   /** Configure the main internal regulator output voltage
 141:Core/Src/main.c ****    */
 142:Core/Src/main.c ****   __HAL_RCC_PWR_CLK_ENABLE();
  57              		.loc 1 142 3 is_stmt 1 view .LVU5
  58              	.LBB2:
  59              		.loc 1 142 3 view .LVU6
  60 001a 0194     		str	r4, [sp, #4]
  61              		.loc 1 142 3 view .LVU7
  62 001c 1C4B     		ldr	r3, .L3
  63 001e 1A6C     		ldr	r2, [r3, #64]
  64 0020 42F08052 		orr	r2, r2, #268435456
  65 0024 1A64     		str	r2, [r3, #64]
  66              		.loc 1 142 3 view .LVU8
  67 0026 1B6C     		ldr	r3, [r3, #64]
  68 0028 03F08053 		and	r3, r3, #268435456
  69 002c 0193     		str	r3, [sp, #4]
  70              		.loc 1 142 3 view .LVU9
  71 002e 019B     		ldr	r3, [sp, #4]
  72              	.LBE2:
  73              		.loc 1 142 3 view .LVU10
 143:Core/Src/main.c ****   __HAL_PWR_VOLTAGESCALING_CONFIG(PWR_REGULATOR_VOLTAGE_SCALE1);
  74              		.loc 1 143 3 view .LVU11
  75              	.LBB3:
  76              		.loc 1 143 3 view .LVU12
  77 0030 0294     		str	r4, [sp, #8]
  78              		.loc 1 143 3 view .LVU13
  79 0032 184B     		ldr	r3, .L3+4
  80 0034 1A68     		ldr	r2, [r3]
  81 0036 42F48042 		orr	r2, r2, #16384
  82 003a 1A60     		str	r2, [r3]
  83              		.loc 1 143 3 view .LVU14
  84 003c 1B68     		ldr	r3, [r3]
  85 003e 03F48043 		and	r3, r3, #16384
  86 0042 0293     		str	r3, [sp, #8]
ARM GAS  C:\Users\86152\AppData\Local\Temp\cc5qjIha.s 			page 5


  87              		.loc 1 143 3 view .LVU15
  88 0044 029B     		ldr	r3, [sp, #8]
  89              	.LBE3:
  90              		.loc 1 143 3 view .LVU16
 144:Core/Src/main.c ****   /** Initializes the RCC Oscillators according to the specified parameters
 145:Core/Src/main.c ****    * in the RCC_OscInitTypeDef structure.
 146:Core/Src/main.c ****    */
 147:Core/Src/main.c ****   RCC_OscInitStruct.OscillatorType = RCC_OSCILLATORTYPE_HSE;
  91              		.loc 1 147 3 view .LVU17
  92              		.loc 1 147 36 is_stmt 0 view .LVU18
  93 0046 0123     		movs	r3, #1
  94 0048 0893     		str	r3, [sp, #32]
 148:Core/Src/main.c ****   RCC_OscInitStruct.HSEState = RCC_HSE_ON;
  95              		.loc 1 148 3 is_stmt 1 view .LVU19
  96              		.loc 1 148 30 is_stmt 0 view .LVU20
  97 004a 4FF48033 		mov	r3, #65536
  98 004e 0993     		str	r3, [sp, #36]
 149:Core/Src/main.c ****   RCC_OscInitStruct.PLL.PLLState = RCC_PLL_ON;
  99              		.loc 1 149 3 is_stmt 1 view .LVU21
 100              		.loc 1 149 34 is_stmt 0 view .LVU22
 101 0050 0225     		movs	r5, #2
 102 0052 0E95     		str	r5, [sp, #56]
 150:Core/Src/main.c ****   RCC_OscInitStruct.PLL.PLLSource = RCC_PLLSOURCE_HSE;
 103              		.loc 1 150 3 is_stmt 1 view .LVU23
 104              		.loc 1 150 35 is_stmt 0 view .LVU24
 105 0054 4FF48003 		mov	r3, #4194304
 106 0058 0F93     		str	r3, [sp, #60]
 151:Core/Src/main.c ****   RCC_OscInitStruct.PLL.PLLM = 6;
 107              		.loc 1 151 3 is_stmt 1 view .LVU25
 108              		.loc 1 151 30 is_stmt 0 view .LVU26
 109 005a 0623     		movs	r3, #6
 110 005c 1093     		str	r3, [sp, #64]
 152:Core/Src/main.c ****   RCC_OscInitStruct.PLL.PLLN = 168;
 111              		.loc 1 152 3 is_stmt 1 view .LVU27
 112              		.loc 1 152 30 is_stmt 0 view .LVU28
 113 005e A823     		movs	r3, #168
 114 0060 1193     		str	r3, [sp, #68]
 153:Core/Src/main.c ****   RCC_OscInitStruct.PLL.PLLP = RCC_PLLP_DIV2;
 115              		.loc 1 153 3 is_stmt 1 view .LVU29
 116              		.loc 1 153 30 is_stmt 0 view .LVU30
 117 0062 1295     		str	r5, [sp, #72]
 154:Core/Src/main.c ****   RCC_OscInitStruct.PLL.PLLQ = 4;
 118              		.loc 1 154 3 is_stmt 1 view .LVU31
 119              		.loc 1 154 30 is_stmt 0 view .LVU32
 120 0064 0423     		movs	r3, #4
 121 0066 1393     		str	r3, [sp, #76]
 155:Core/Src/main.c ****   if (HAL_RCC_OscConfig(&RCC_OscInitStruct) != HAL_OK)
 122              		.loc 1 155 3 is_stmt 1 view .LVU33
 123              		.loc 1 155 7 is_stmt 0 view .LVU34
 124 0068 08A8     		add	r0, sp, #32
 125 006a FFF7FEFF 		bl	HAL_RCC_OscConfig
 126              	.LVL1:
 156:Core/Src/main.c ****   {
 157:Core/Src/main.c ****     Error_Handler();
 158:Core/Src/main.c ****   }
 159:Core/Src/main.c ****   /** Initializes the CPU, AHB and APB buses clocks
 160:Core/Src/main.c ****    */
ARM GAS  C:\Users\86152\AppData\Local\Temp\cc5qjIha.s 			page 6


 161:Core/Src/main.c ****   RCC_ClkInitStruct.ClockType = RCC_CLOCKTYPE_HCLK | RCC_CLOCKTYPE_SYSCLK | RCC_CLOCKTYPE_PCLK1 | R
 127              		.loc 1 161 3 is_stmt 1 view .LVU35
 128              		.loc 1 161 31 is_stmt 0 view .LVU36
 129 006e 0F23     		movs	r3, #15
 130 0070 0393     		str	r3, [sp, #12]
 162:Core/Src/main.c ****   RCC_ClkInitStruct.SYSCLKSource = RCC_SYSCLKSOURCE_PLLCLK;
 131              		.loc 1 162 3 is_stmt 1 view .LVU37
 132              		.loc 1 162 34 is_stmt 0 view .LVU38
 133 0072 0495     		str	r5, [sp, #16]
 163:Core/Src/main.c ****   RCC_ClkInitStruct.AHBCLKDivider = RCC_SYSCLK_DIV1;
 134              		.loc 1 163 3 is_stmt 1 view .LVU39
 135              		.loc 1 163 35 is_stmt 0 view .LVU40
 136 0074 0594     		str	r4, [sp, #20]
 164:Core/Src/main.c ****   RCC_ClkInitStruct.APB1CLKDivider = RCC_HCLK_DIV4;
 137              		.loc 1 164 3 is_stmt 1 view .LVU41
 138              		.loc 1 164 36 is_stmt 0 view .LVU42
 139 0076 4FF4A053 		mov	r3, #5120
 140 007a 0693     		str	r3, [sp, #24]
 165:Core/Src/main.c ****   RCC_ClkInitStruct.APB2CLKDivider = RCC_HCLK_DIV2;
 141              		.loc 1 165 3 is_stmt 1 view .LVU43
 142              		.loc 1 165 36 is_stmt 0 view .LVU44
 143 007c 4FF48053 		mov	r3, #4096
 144 0080 0793     		str	r3, [sp, #28]
 166:Core/Src/main.c **** 
 167:Core/Src/main.c ****   if (HAL_RCC_ClockConfig(&RCC_ClkInitStruct, FLASH_LATENCY_5) != HAL_OK)
 145              		.loc 1 167 3 is_stmt 1 view .LVU45
 146              		.loc 1 167 7 is_stmt 0 view .LVU46
 147 0082 0521     		movs	r1, #5
 148 0084 03A8     		add	r0, sp, #12
 149 0086 FFF7FEFF 		bl	HAL_RCC_ClockConfig
 150              	.LVL2:
 168:Core/Src/main.c ****   {
 169:Core/Src/main.c ****     Error_Handler();
 170:Core/Src/main.c ****   }
 171:Core/Src/main.c **** }
 151              		.loc 1 171 1 view .LVU47
 152 008a 15B0     		add	sp, sp, #84
 153              	.LCFI2:
 154              		.cfi_def_cfa_offset 12
 155              		@ sp needed
 156 008c 30BD     		pop	{r4, r5, pc}
 157              	.L4:
 158 008e 00BF     		.align	2
 159              	.L3:
 160 0090 00380240 		.word	1073887232
 161 0094 00700040 		.word	1073770496
 162              		.cfi_endproc
 163              	.LFE172:
 165              		.section	.text.main,"ax",%progbits
 166              		.align	1
 167              		.global	main
 168              		.syntax unified
 169              		.thumb
 170              		.thumb_func
 172              	main:
 173              	.LFB171:
  73:Core/Src/main.c ****   /* USER CODE BEGIN 1 */
ARM GAS  C:\Users\86152\AppData\Local\Temp\cc5qjIha.s 			page 7


 174              		.loc 1 73 1 is_stmt 1 view -0
 175              		.cfi_startproc
 176              		@ Volatile: function does not return.
 177              		@ args = 0, pretend = 0, frame = 0
 178              		@ frame_needed = 0, uses_anonymous_args = 0
 179 0000 08B5     		push	{r3, lr}
 180              	.LCFI3:
 181              		.cfi_def_cfa_offset 8
 182              		.cfi_offset 3, -8
 183              		.cfi_offset 14, -4
  81:Core/Src/main.c **** 
 184              		.loc 1 81 3 view .LVU49
 185 0002 FFF7FEFF 		bl	HAL_Init
 186              	.LVL3:
  88:Core/Src/main.c **** 
 187              		.loc 1 88 3 view .LVU50
 188 0006 FFF7FEFF 		bl	SystemClock_Config
 189              	.LVL4:
  95:Core/Src/main.c ****   MX_DMA_Init();
 190              		.loc 1 95 3 view .LVU51
 191 000a FFF7FEFF 		bl	MX_GPIO_Init
 192              	.LVL5:
  96:Core/Src/main.c ****   MX_CAN1_Init();
 193              		.loc 1 96 3 view .LVU52
 194 000e FFF7FEFF 		bl	MX_DMA_Init
 195              	.LVL6:
  97:Core/Src/main.c ****   MX_CAN2_Init();
 196              		.loc 1 97 3 view .LVU53
 197 0012 FFF7FEFF 		bl	MX_CAN1_Init
 198              	.LVL7:
  98:Core/Src/main.c ****   MX_USART1_UART_Init();
 199              		.loc 1 98 3 view .LVU54
 200 0016 FFF7FEFF 		bl	MX_CAN2_Init
 201              	.LVL8:
  99:Core/Src/main.c ****   MX_USART3_UART_Init();
 202              		.loc 1 99 3 view .LVU55
 203 001a FFF7FEFF 		bl	MX_USART1_UART_Init
 204              	.LVL9:
 100:Core/Src/main.c ****   MX_I2C3_Init();
 205              		.loc 1 100 3 view .LVU56
 206 001e FFF7FEFF 		bl	MX_USART3_UART_Init
 207              	.LVL10:
 101:Core/Src/main.c ****   MX_SPI1_Init();
 208              		.loc 1 101 3 view .LVU57
 209 0022 FFF7FEFF 		bl	MX_I2C3_Init
 210              	.LVL11:
 102:Core/Src/main.c ****   MX_TIM10_Init();
 211              		.loc 1 102 3 view .LVU58
 212 0026 FFF7FEFF 		bl	MX_SPI1_Init
 213              	.LVL12:
 103:Core/Src/main.c ****   MX_TIM4_Init();
 214              		.loc 1 103 3 view .LVU59
 215 002a FFF7FEFF 		bl	MX_TIM10_Init
 216              	.LVL13:
 104:Core/Src/main.c ****   /* USER CODE BEGIN 2 */
 217              		.loc 1 104 3 view .LVU60
 218 002e FFF7FEFF 		bl	MX_TIM4_Init
ARM GAS  C:\Users\86152\AppData\Local\Temp\cc5qjIha.s 			page 8


 219              	.LVL14:
 106:Core/Src/main.c ****   // HAL_IWDG_Refresh(&hiwdg);
 220              		.loc 1 106 3 view .LVU61
 221 0032 A820     		movs	r0, #168
 222 0034 FFF7FEFF 		bl	DWT_Init
 223              	.LVL15:
 108:Core/Src/main.c ****   Remote_Control_Init(&huart3, RC_FRAME_LENGTH);
 224              		.loc 1 108 3 view .LVU62
 225 0038 FFF7FEFF 		bl	CAN_Device_Init
 226              	.LVL16:
 109:Core/Src/main.c ****   while (BMI088_init(&hspi1, 0) != BMI088_NO_ERROR)
 227              		.loc 1 109 3 view .LVU63
 228 003c 1221     		movs	r1, #18
 229 003e 0748     		ldr	r0, .L9
 230 0040 FFF7FEFF 		bl	Remote_Control_Init
 231              	.LVL17:
 110:Core/Src/main.c ****     ;
 232              		.loc 1 110 3 view .LVU64
 233              	.L6:
 111:Core/Src/main.c ****   /* USER CODE END 2 */
 234              		.loc 1 111 5 discriminator 1 view .LVU65
 110:Core/Src/main.c ****     ;
 235              		.loc 1 110 9 discriminator 1 view .LVU66
 110:Core/Src/main.c ****     ;
 236              		.loc 1 110 10 is_stmt 0 discriminator 1 view .LVU67
 237 0044 0021     		movs	r1, #0
 238 0046 0648     		ldr	r0, .L9+4
 239 0048 FFF7FEFF 		bl	BMI088_init
 240              	.LVL18:
 110:Core/Src/main.c ****     ;
 241              		.loc 1 110 9 discriminator 1 view .LVU68
 242 004c 0028     		cmp	r0, #0
 243 004e F9D1     		bne	.L6
 115:Core/Src/main.c ****   /* Start scheduler */
 244              		.loc 1 115 3 is_stmt 1 view .LVU69
 245 0050 FFF7FEFF 		bl	MX_FREERTOS_Init
 246              	.LVL19:
 117:Core/Src/main.c **** 
 247              		.loc 1 117 3 view .LVU70
 248 0054 FFF7FEFF 		bl	osKernelStart
 249              	.LVL20:
 250              	.L7:
 122:Core/Src/main.c ****   {
 251              		.loc 1 122 3 discriminator 1 view .LVU71
 127:Core/Src/main.c ****   /* USER CODE END 3 */
 252              		.loc 1 127 3 discriminator 1 view .LVU72
 122:Core/Src/main.c ****   {
 253              		.loc 1 122 9 discriminator 1 view .LVU73
 254 0058 FEE7     		b	.L7
 255              	.L10:
 256 005a 00BF     		.align	2
 257              	.L9:
 258 005c 00000000 		.word	huart3
 259 0060 00000000 		.word	hspi1
 260              		.cfi_endproc
 261              	.LFE171:
 263              		.section	.text.HAL_TIM_PeriodElapsedCallback,"ax",%progbits
ARM GAS  C:\Users\86152\AppData\Local\Temp\cc5qjIha.s 			page 9


 264              		.align	1
 265              		.global	HAL_TIM_PeriodElapsedCallback
 266              		.syntax unified
 267              		.thumb
 268              		.thumb_func
 270              	HAL_TIM_PeriodElapsedCallback:
 271              	.LVL21:
 272              	.LFB173:
 172:Core/Src/main.c **** 
 173:Core/Src/main.c **** /* USER CODE BEGIN 4 */
 174:Core/Src/main.c **** 
 175:Core/Src/main.c **** /* USER CODE END 4 */
 176:Core/Src/main.c **** 
 177:Core/Src/main.c **** /**
 178:Core/Src/main.c ****  * @brief  Period elapsed callback in non blocking mode
 179:Core/Src/main.c ****  * @note   This function is called  when TIM2 interrupt took place, inside
 180:Core/Src/main.c ****  * HAL_TIM_IRQHandler(). It makes a direct call to HAL_IncTick() to increment
 181:Core/Src/main.c ****  * a global variable "uwTick" used as application time base.
 182:Core/Src/main.c ****  * @param  htim : TIM handle
 183:Core/Src/main.c ****  * @retval None
 184:Core/Src/main.c ****  */
 185:Core/Src/main.c **** void HAL_TIM_PeriodElapsedCallback(TIM_HandleTypeDef *htim)
 186:Core/Src/main.c **** {
 273              		.loc 1 186 1 view -0
 274              		.cfi_startproc
 275              		@ args = 0, pretend = 0, frame = 0
 276              		@ frame_needed = 0, uses_anonymous_args = 0
 277              		.loc 1 186 1 is_stmt 0 view .LVU75
 278 0000 08B5     		push	{r3, lr}
 279              	.LCFI4:
 280              		.cfi_def_cfa_offset 8
 281              		.cfi_offset 3, -8
 282              		.cfi_offset 14, -4
 187:Core/Src/main.c ****   /* USER CODE BEGIN Callback 0 */
 188:Core/Src/main.c **** 
 189:Core/Src/main.c ****   /* USER CODE END Callback 0 */
 190:Core/Src/main.c ****   if (htim->Instance == TIM2)
 283              		.loc 1 190 3 is_stmt 1 view .LVU76
 284              		.loc 1 190 11 is_stmt 0 view .LVU77
 285 0002 0368     		ldr	r3, [r0]
 286              		.loc 1 190 6 view .LVU78
 287 0004 B3F1804F 		cmp	r3, #1073741824
 288 0008 00D0     		beq	.L14
 289              	.LVL22:
 290              	.L11:
 191:Core/Src/main.c ****   {
 192:Core/Src/main.c ****     HAL_IncTick();
 193:Core/Src/main.c ****   }
 194:Core/Src/main.c ****   /* USER CODE BEGIN Callback 1 */
 195:Core/Src/main.c **** 
 196:Core/Src/main.c ****   /* USER CODE END Callback 1 */
 197:Core/Src/main.c **** }
 291              		.loc 1 197 1 view .LVU79
 292 000a 08BD     		pop	{r3, pc}
 293              	.LVL23:
 294              	.L14:
 192:Core/Src/main.c ****   }
ARM GAS  C:\Users\86152\AppData\Local\Temp\cc5qjIha.s 			page 10


 295              		.loc 1 192 5 is_stmt 1 view .LVU80
 296 000c FFF7FEFF 		bl	HAL_IncTick
 297              	.LVL24:
 298              		.loc 1 197 1 is_stmt 0 view .LVU81
 299 0010 FBE7     		b	.L11
 300              		.cfi_endproc
 301              	.LFE173:
 303              		.section	.text.Error_Handler,"ax",%progbits
 304              		.align	1
 305              		.global	Error_Handler
 306              		.syntax unified
 307              		.thumb
 308              		.thumb_func
 310              	Error_Handler:
 311              	.LFB174:
 198:Core/Src/main.c **** 
 199:Core/Src/main.c **** /**
 200:Core/Src/main.c ****  * @brief  This function is executed in case of error occurrence.
 201:Core/Src/main.c ****  * @retval None
 202:Core/Src/main.c ****  */
 203:Core/Src/main.c **** void Error_Handler(void)
 204:Core/Src/main.c **** {
 312              		.loc 1 204 1 is_stmt 1 view -0
 313              		.cfi_startproc
 314              		@ args = 0, pretend = 0, frame = 0
 315              		@ frame_needed = 0, uses_anonymous_args = 0
 316              		@ link register save eliminated.
 205:Core/Src/main.c ****   /* USER CODE BEGIN Error_Handler_Debug */
 206:Core/Src/main.c ****   /* User can add his own implementation to report the HAL error return state */
 207:Core/Src/main.c **** 
 208:Core/Src/main.c ****   /* USER CODE END Error_Handler_Debug */
 209:Core/Src/main.c **** }
 317              		.loc 1 209 1 view .LVU83
 318 0000 7047     		bx	lr
 319              		.cfi_endproc
 320              	.LFE174:
 322              		.text
 323              	.Letext0:
 324              		.file 2 "c:\\program files (x86)\\gnu arm embedded toolchain\\10 2021.10\\arm-none-eabi\\include\\
 325              		.file 3 "c:\\program files (x86)\\gnu arm embedded toolchain\\10 2021.10\\arm-none-eabi\\include\\
 326              		.file 4 "Drivers/CMSIS/Device/ST/STM32F4xx/Include/stm32f407xx.h"
 327              		.file 5 "Drivers/STM32F4xx_HAL_Driver/Inc/stm32f4xx_hal_def.h"
 328              		.file 6 "Drivers/STM32F4xx_HAL_Driver/Inc/stm32f4xx_hal_rcc_ex.h"
 329              		.file 7 "Drivers/STM32F4xx_HAL_Driver/Inc/stm32f4xx_hal_rcc.h"
 330              		.file 8 "Drivers/STM32F4xx_HAL_Driver/Inc/stm32f4xx_hal_dma.h"
 331              		.file 9 "Drivers/STM32F4xx_HAL_Driver/Inc/stm32f4xx_hal_spi.h"
 332              		.file 10 "Drivers/STM32F4xx_HAL_Driver/Inc/stm32f4xx_hal_tim.h"
 333              		.file 11 "Drivers/STM32F4xx_HAL_Driver/Inc/stm32f4xx_hal_uart.h"
 334              		.file 12 "Core/Inc/spi.h"
 335              		.file 13 "Core/Inc/usart.h"
 336              		.file 14 "Components/Devices/BMI088driver.h"
 337              		.file 15 "Drivers/STM32F4xx_HAL_Driver/Inc/stm32f4xx_hal.h"
 338              		.file 16 "Core/Inc/gpio.h"
 339              		.file 17 "Core/Inc/dma.h"
 340              		.file 18 "Core/Inc/can.h"
 341              		.file 19 "Core/Inc/i2c.h"
 342              		.file 20 "Core/Inc/tim.h"
ARM GAS  C:\Users\86152\AppData\Local\Temp\cc5qjIha.s 			page 11


 343              		.file 21 "Bsp/bsp_dwt.h"
 344              		.file 22 "Bsp/bsp_CAN.h"
 345              		.file 23 "Application/remote_control.h"
 346              		.file 24 "Middlewares/Third_Party/FreeRTOS/Source/CMSIS_RTOS/cmsis_os.h"
 347              		.file 25 "<built-in>"
ARM GAS  C:\Users\86152\AppData\Local\Temp\cc5qjIha.s 			page 12


DEFINED SYMBOLS
                            *ABS*:00000000 main.c
C:\Users\86152\AppData\Local\Temp\cc5qjIha.s:20     .text.SystemClock_Config:00000000 $t
C:\Users\86152\AppData\Local\Temp\cc5qjIha.s:26     .text.SystemClock_Config:00000000 SystemClock_Config
C:\Users\86152\AppData\Local\Temp\cc5qjIha.s:160    .text.SystemClock_Config:00000090 $d
C:\Users\86152\AppData\Local\Temp\cc5qjIha.s:166    .text.main:00000000 $t
C:\Users\86152\AppData\Local\Temp\cc5qjIha.s:172    .text.main:00000000 main
C:\Users\86152\AppData\Local\Temp\cc5qjIha.s:258    .text.main:0000005c $d
C:\Users\86152\AppData\Local\Temp\cc5qjIha.s:264    .text.HAL_TIM_PeriodElapsedCallback:00000000 $t
C:\Users\86152\AppData\Local\Temp\cc5qjIha.s:270    .text.HAL_TIM_PeriodElapsedCallback:00000000 HAL_TIM_PeriodElapsedCallback
C:\Users\86152\AppData\Local\Temp\cc5qjIha.s:304    .text.Error_Handler:00000000 $t
C:\Users\86152\AppData\Local\Temp\cc5qjIha.s:310    .text.Error_Handler:00000000 Error_Handler

UNDEFINED SYMBOLS
memset
HAL_RCC_OscConfig
HAL_RCC_ClockConfig
HAL_Init
MX_GPIO_Init
MX_DMA_Init
MX_CAN1_Init
MX_CAN2_Init
MX_USART1_UART_Init
MX_USART3_UART_Init
MX_I2C3_Init
MX_SPI1_Init
MX_TIM10_Init
MX_TIM4_Init
DWT_Init
CAN_Device_Init
Remote_Control_Init
BMI088_init
MX_FREERTOS_Init
osKernelStart
huart3
hspi1
HAL_IncTick
