ARM GAS  C:\Users\86152\AppData\Local\Temp\cc6VHSRn.s 			page 1


   1              		.cpu cortex-m4
   2              		.arch armv7e-m
   3              		.fpu fpv4-sp-d16
   4              		.eabi_attribute 27, 1
   5              		.eabi_attribute 28, 1
   6              		.eabi_attribute 20, 1
   7              		.eabi_attribute 21, 1
   8              		.eabi_attribute 23, 3
   9              		.eabi_attribute 24, 1
  10              		.eabi_attribute 25, 1
  11              		.eabi_attribute 26, 1
  12              		.eabi_attribute 30, 1
  13              		.eabi_attribute 34, 1
  14              		.eabi_attribute 18, 4
  15              		.file	"spi.c"
  16              		.text
  17              	.Ltext0:
  18              		.cfi_sections	.debug_frame
  19              		.section	.text.MX_SPI1_Init,"ax",%progbits
  20              		.align	1
  21              		.global	MX_SPI1_Init
  22              		.syntax unified
  23              		.thumb
  24              		.thumb_func
  26              	MX_SPI1_Init:
  27              	.LFB130:
  28              		.file 1 "Core/Src/spi.c"
   1:Core/Src/spi.c **** /**
   2:Core/Src/spi.c ****   ******************************************************************************
   3:Core/Src/spi.c ****   * File Name          : SPI.c
   4:Core/Src/spi.c ****   * Description        : This file provides code for the configuration
   5:Core/Src/spi.c ****   *                      of the SPI instances.
   6:Core/Src/spi.c ****   ******************************************************************************
   7:Core/Src/spi.c ****   * @attention
   8:Core/Src/spi.c ****   *
   9:Core/Src/spi.c ****   * <h2><center>&copy; Copyright (c) 2025 STMicroelectronics.
  10:Core/Src/spi.c ****   * All rights reserved.</center></h2>
  11:Core/Src/spi.c ****   *
  12:Core/Src/spi.c ****   * This software component is licensed by ST under Ultimate Liberty license
  13:Core/Src/spi.c ****   * SLA0044, the "License"; You may not use this file except in compliance with
  14:Core/Src/spi.c ****   * the License. You may obtain a copy of the License at:
  15:Core/Src/spi.c ****   *                             www.st.com/SLA0044
  16:Core/Src/spi.c ****   *
  17:Core/Src/spi.c ****   ******************************************************************************
  18:Core/Src/spi.c ****   */
  19:Core/Src/spi.c **** 
  20:Core/Src/spi.c **** /* Includes ------------------------------------------------------------------*/
  21:Core/Src/spi.c **** #include "spi.h"
  22:Core/Src/spi.c **** 
  23:Core/Src/spi.c **** /* USER CODE BEGIN 0 */
  24:Core/Src/spi.c **** 
  25:Core/Src/spi.c **** /* USER CODE END 0 */
  26:Core/Src/spi.c **** 
  27:Core/Src/spi.c **** SPI_HandleTypeDef hspi1;
  28:Core/Src/spi.c **** 
  29:Core/Src/spi.c **** /* SPI1 init function */
  30:Core/Src/spi.c **** void MX_SPI1_Init(void)
ARM GAS  C:\Users\86152\AppData\Local\Temp\cc6VHSRn.s 			page 2


  31:Core/Src/spi.c **** {
  29              		.loc 1 31 1 view -0
  30              		.cfi_startproc
  31              		@ args = 0, pretend = 0, frame = 0
  32              		@ frame_needed = 0, uses_anonymous_args = 0
  33 0000 08B5     		push	{r3, lr}
  34              	.LCFI0:
  35              		.cfi_def_cfa_offset 8
  36              		.cfi_offset 3, -8
  37              		.cfi_offset 14, -4
  32:Core/Src/spi.c **** 
  33:Core/Src/spi.c ****   hspi1.Instance = SPI1;
  38              		.loc 1 33 3 view .LVU1
  39              		.loc 1 33 18 is_stmt 0 view .LVU2
  40 0002 0F48     		ldr	r0, .L5
  41 0004 0F4B     		ldr	r3, .L5+4
  42 0006 0360     		str	r3, [r0]
  34:Core/Src/spi.c ****   hspi1.Init.Mode = SPI_MODE_MASTER;
  43              		.loc 1 34 3 is_stmt 1 view .LVU3
  44              		.loc 1 34 19 is_stmt 0 view .LVU4
  45 0008 4FF48273 		mov	r3, #260
  46 000c 4360     		str	r3, [r0, #4]
  35:Core/Src/spi.c ****   hspi1.Init.Direction = SPI_DIRECTION_2LINES;
  47              		.loc 1 35 3 is_stmt 1 view .LVU5
  48              		.loc 1 35 24 is_stmt 0 view .LVU6
  49 000e 0023     		movs	r3, #0
  50 0010 8360     		str	r3, [r0, #8]
  36:Core/Src/spi.c ****   hspi1.Init.DataSize = SPI_DATASIZE_8BIT;
  51              		.loc 1 36 3 is_stmt 1 view .LVU7
  52              		.loc 1 36 23 is_stmt 0 view .LVU8
  53 0012 C360     		str	r3, [r0, #12]
  37:Core/Src/spi.c ****   hspi1.Init.CLKPolarity = SPI_POLARITY_HIGH;
  54              		.loc 1 37 3 is_stmt 1 view .LVU9
  55              		.loc 1 37 26 is_stmt 0 view .LVU10
  56 0014 0222     		movs	r2, #2
  57 0016 0261     		str	r2, [r0, #16]
  38:Core/Src/spi.c ****   hspi1.Init.CLKPhase = SPI_PHASE_2EDGE;
  58              		.loc 1 38 3 is_stmt 1 view .LVU11
  59              		.loc 1 38 23 is_stmt 0 view .LVU12
  60 0018 0122     		movs	r2, #1
  61 001a 4261     		str	r2, [r0, #20]
  39:Core/Src/spi.c ****   hspi1.Init.NSS = SPI_NSS_SOFT;
  62              		.loc 1 39 3 is_stmt 1 view .LVU13
  63              		.loc 1 39 18 is_stmt 0 view .LVU14
  64 001c 4FF40072 		mov	r2, #512
  65 0020 8261     		str	r2, [r0, #24]
  40:Core/Src/spi.c ****   hspi1.Init.BaudRatePrescaler = SPI_BAUDRATEPRESCALER_8;
  66              		.loc 1 40 3 is_stmt 1 view .LVU15
  67              		.loc 1 40 32 is_stmt 0 view .LVU16
  68 0022 1022     		movs	r2, #16
  69 0024 C261     		str	r2, [r0, #28]
  41:Core/Src/spi.c ****   hspi1.Init.FirstBit = SPI_FIRSTBIT_MSB;
  70              		.loc 1 41 3 is_stmt 1 view .LVU17
  71              		.loc 1 41 23 is_stmt 0 view .LVU18
  72 0026 0362     		str	r3, [r0, #32]
  42:Core/Src/spi.c ****   hspi1.Init.TIMode = SPI_TIMODE_DISABLE;
  73              		.loc 1 42 3 is_stmt 1 view .LVU19
ARM GAS  C:\Users\86152\AppData\Local\Temp\cc6VHSRn.s 			page 3


  74              		.loc 1 42 21 is_stmt 0 view .LVU20
  75 0028 4362     		str	r3, [r0, #36]
  43:Core/Src/spi.c ****   hspi1.Init.CRCCalculation = SPI_CRCCALCULATION_DISABLE;
  76              		.loc 1 43 3 is_stmt 1 view .LVU21
  77              		.loc 1 43 29 is_stmt 0 view .LVU22
  78 002a 8362     		str	r3, [r0, #40]
  44:Core/Src/spi.c ****   hspi1.Init.CRCPolynomial = 10;
  79              		.loc 1 44 3 is_stmt 1 view .LVU23
  80              		.loc 1 44 28 is_stmt 0 view .LVU24
  81 002c 0A23     		movs	r3, #10
  82 002e C362     		str	r3, [r0, #44]
  45:Core/Src/spi.c ****   if (HAL_SPI_Init(&hspi1) != HAL_OK)
  83              		.loc 1 45 3 is_stmt 1 view .LVU25
  84              		.loc 1 45 7 is_stmt 0 view .LVU26
  85 0030 FFF7FEFF 		bl	HAL_SPI_Init
  86              	.LVL0:
  87              		.loc 1 45 6 view .LVU27
  88 0034 00B9     		cbnz	r0, .L4
  89              	.L1:
  46:Core/Src/spi.c ****   {
  47:Core/Src/spi.c ****     Error_Handler();
  48:Core/Src/spi.c ****   }
  49:Core/Src/spi.c **** 
  50:Core/Src/spi.c **** }
  90              		.loc 1 50 1 view .LVU28
  91 0036 08BD     		pop	{r3, pc}
  92              	.L4:
  47:Core/Src/spi.c ****   }
  93              		.loc 1 47 5 is_stmt 1 view .LVU29
  94 0038 FFF7FEFF 		bl	Error_Handler
  95              	.LVL1:
  96              		.loc 1 50 1 is_stmt 0 view .LVU30
  97 003c FBE7     		b	.L1
  98              	.L6:
  99 003e 00BF     		.align	2
 100              	.L5:
 101 0040 00000000 		.word	.LANCHOR0
 102 0044 00300140 		.word	1073819648
 103              		.cfi_endproc
 104              	.LFE130:
 106              		.section	.text.HAL_SPI_MspInit,"ax",%progbits
 107              		.align	1
 108              		.global	HAL_SPI_MspInit
 109              		.syntax unified
 110              		.thumb
 111              		.thumb_func
 113              	HAL_SPI_MspInit:
 114              	.LVL2:
 115              	.LFB131:
  51:Core/Src/spi.c **** 
  52:Core/Src/spi.c **** void HAL_SPI_MspInit(SPI_HandleTypeDef* spiHandle)
  53:Core/Src/spi.c **** {
 116              		.loc 1 53 1 is_stmt 1 view -0
 117              		.cfi_startproc
 118              		@ args = 0, pretend = 0, frame = 32
 119              		@ frame_needed = 0, uses_anonymous_args = 0
 120              		.loc 1 53 1 is_stmt 0 view .LVU32
ARM GAS  C:\Users\86152\AppData\Local\Temp\cc6VHSRn.s 			page 4


 121 0000 F0B5     		push	{r4, r5, r6, r7, lr}
 122              	.LCFI1:
 123              		.cfi_def_cfa_offset 20
 124              		.cfi_offset 4, -20
 125              		.cfi_offset 5, -16
 126              		.cfi_offset 6, -12
 127              		.cfi_offset 7, -8
 128              		.cfi_offset 14, -4
 129 0002 89B0     		sub	sp, sp, #36
 130              	.LCFI2:
 131              		.cfi_def_cfa_offset 56
  54:Core/Src/spi.c **** 
  55:Core/Src/spi.c ****   GPIO_InitTypeDef GPIO_InitStruct = {0};
 132              		.loc 1 55 3 is_stmt 1 view .LVU33
 133              		.loc 1 55 20 is_stmt 0 view .LVU34
 134 0004 0023     		movs	r3, #0
 135 0006 0393     		str	r3, [sp, #12]
 136 0008 0493     		str	r3, [sp, #16]
 137 000a 0593     		str	r3, [sp, #20]
 138 000c 0693     		str	r3, [sp, #24]
 139 000e 0793     		str	r3, [sp, #28]
  56:Core/Src/spi.c ****   if(spiHandle->Instance==SPI1)
 140              		.loc 1 56 3 is_stmt 1 view .LVU35
 141              		.loc 1 56 15 is_stmt 0 view .LVU36
 142 0010 0268     		ldr	r2, [r0]
 143              		.loc 1 56 5 view .LVU37
 144 0012 1F4B     		ldr	r3, .L11
 145 0014 9A42     		cmp	r2, r3
 146 0016 01D0     		beq	.L10
 147              	.LVL3:
 148              	.L7:
  57:Core/Src/spi.c ****   {
  58:Core/Src/spi.c ****   /* USER CODE BEGIN SPI1_MspInit 0 */
  59:Core/Src/spi.c **** 
  60:Core/Src/spi.c ****   /* USER CODE END SPI1_MspInit 0 */
  61:Core/Src/spi.c ****     /* SPI1 clock enable */
  62:Core/Src/spi.c ****     __HAL_RCC_SPI1_CLK_ENABLE();
  63:Core/Src/spi.c **** 
  64:Core/Src/spi.c ****     __HAL_RCC_GPIOB_CLK_ENABLE();
  65:Core/Src/spi.c ****     __HAL_RCC_GPIOA_CLK_ENABLE();
  66:Core/Src/spi.c ****     /**SPI1 GPIO Configuration
  67:Core/Src/spi.c ****     PB4     ------> SPI1_MISO
  68:Core/Src/spi.c ****     PB3     ------> SPI1_SCK
  69:Core/Src/spi.c ****     PA7     ------> SPI1_MOSI
  70:Core/Src/spi.c ****     */
  71:Core/Src/spi.c ****     GPIO_InitStruct.Pin = GPIO_PIN_4|GPIO_PIN_3;
  72:Core/Src/spi.c ****     GPIO_InitStruct.Mode = GPIO_MODE_AF_PP;
  73:Core/Src/spi.c ****     GPIO_InitStruct.Pull = GPIO_PULLUP;
  74:Core/Src/spi.c ****     GPIO_InitStruct.Speed = GPIO_SPEED_FREQ_VERY_HIGH;
  75:Core/Src/spi.c ****     GPIO_InitStruct.Alternate = GPIO_AF5_SPI1;
  76:Core/Src/spi.c ****     HAL_GPIO_Init(GPIOB, &GPIO_InitStruct);
  77:Core/Src/spi.c **** 
  78:Core/Src/spi.c ****     GPIO_InitStruct.Pin = GPIO_PIN_7;
  79:Core/Src/spi.c ****     GPIO_InitStruct.Mode = GPIO_MODE_AF_PP;
  80:Core/Src/spi.c ****     GPIO_InitStruct.Pull = GPIO_PULLUP;
  81:Core/Src/spi.c ****     GPIO_InitStruct.Speed = GPIO_SPEED_FREQ_VERY_HIGH;
  82:Core/Src/spi.c ****     GPIO_InitStruct.Alternate = GPIO_AF5_SPI1;
ARM GAS  C:\Users\86152\AppData\Local\Temp\cc6VHSRn.s 			page 5


  83:Core/Src/spi.c ****     HAL_GPIO_Init(GPIOA, &GPIO_InitStruct);
  84:Core/Src/spi.c **** 
  85:Core/Src/spi.c ****   /* USER CODE BEGIN SPI1_MspInit 1 */
  86:Core/Src/spi.c **** 
  87:Core/Src/spi.c ****   /* USER CODE END SPI1_MspInit 1 */
  88:Core/Src/spi.c ****   }
  89:Core/Src/spi.c **** }
 149              		.loc 1 89 1 view .LVU38
 150 0018 09B0     		add	sp, sp, #36
 151              	.LCFI3:
 152              		.cfi_remember_state
 153              		.cfi_def_cfa_offset 20
 154              		@ sp needed
 155 001a F0BD     		pop	{r4, r5, r6, r7, pc}
 156              	.LVL4:
 157              	.L10:
 158              	.LCFI4:
 159              		.cfi_restore_state
  62:Core/Src/spi.c **** 
 160              		.loc 1 62 5 is_stmt 1 view .LVU39
 161              	.LBB2:
  62:Core/Src/spi.c **** 
 162              		.loc 1 62 5 view .LVU40
 163 001c 0022     		movs	r2, #0
 164 001e 0092     		str	r2, [sp]
  62:Core/Src/spi.c **** 
 165              		.loc 1 62 5 view .LVU41
 166 0020 03F58433 		add	r3, r3, #67584
 167 0024 596C     		ldr	r1, [r3, #68]
 168 0026 41F48051 		orr	r1, r1, #4096
 169 002a 5964     		str	r1, [r3, #68]
  62:Core/Src/spi.c **** 
 170              		.loc 1 62 5 view .LVU42
 171 002c 596C     		ldr	r1, [r3, #68]
 172 002e 01F48051 		and	r1, r1, #4096
 173 0032 0091     		str	r1, [sp]
  62:Core/Src/spi.c **** 
 174              		.loc 1 62 5 view .LVU43
 175 0034 0099     		ldr	r1, [sp]
 176              	.LBE2:
  62:Core/Src/spi.c **** 
 177              		.loc 1 62 5 view .LVU44
  64:Core/Src/spi.c ****     __HAL_RCC_GPIOA_CLK_ENABLE();
 178              		.loc 1 64 5 view .LVU45
 179              	.LBB3:
  64:Core/Src/spi.c ****     __HAL_RCC_GPIOA_CLK_ENABLE();
 180              		.loc 1 64 5 view .LVU46
 181 0036 0192     		str	r2, [sp, #4]
  64:Core/Src/spi.c ****     __HAL_RCC_GPIOA_CLK_ENABLE();
 182              		.loc 1 64 5 view .LVU47
 183 0038 196B     		ldr	r1, [r3, #48]
 184 003a 41F00201 		orr	r1, r1, #2
 185 003e 1963     		str	r1, [r3, #48]
  64:Core/Src/spi.c ****     __HAL_RCC_GPIOA_CLK_ENABLE();
 186              		.loc 1 64 5 view .LVU48
 187 0040 196B     		ldr	r1, [r3, #48]
 188 0042 01F00201 		and	r1, r1, #2
ARM GAS  C:\Users\86152\AppData\Local\Temp\cc6VHSRn.s 			page 6


 189 0046 0191     		str	r1, [sp, #4]
  64:Core/Src/spi.c ****     __HAL_RCC_GPIOA_CLK_ENABLE();
 190              		.loc 1 64 5 view .LVU49
 191 0048 0199     		ldr	r1, [sp, #4]
 192              	.LBE3:
  64:Core/Src/spi.c ****     __HAL_RCC_GPIOA_CLK_ENABLE();
 193              		.loc 1 64 5 view .LVU50
  65:Core/Src/spi.c ****     /**SPI1 GPIO Configuration
 194              		.loc 1 65 5 view .LVU51
 195              	.LBB4:
  65:Core/Src/spi.c ****     /**SPI1 GPIO Configuration
 196              		.loc 1 65 5 view .LVU52
 197 004a 0292     		str	r2, [sp, #8]
  65:Core/Src/spi.c ****     /**SPI1 GPIO Configuration
 198              		.loc 1 65 5 view .LVU53
 199 004c 1A6B     		ldr	r2, [r3, #48]
 200 004e 42F00102 		orr	r2, r2, #1
 201 0052 1A63     		str	r2, [r3, #48]
  65:Core/Src/spi.c ****     /**SPI1 GPIO Configuration
 202              		.loc 1 65 5 view .LVU54
 203 0054 1B6B     		ldr	r3, [r3, #48]
 204 0056 03F00103 		and	r3, r3, #1
 205 005a 0293     		str	r3, [sp, #8]
  65:Core/Src/spi.c ****     /**SPI1 GPIO Configuration
 206              		.loc 1 65 5 view .LVU55
 207 005c 029B     		ldr	r3, [sp, #8]
 208              	.LBE4:
  65:Core/Src/spi.c ****     /**SPI1 GPIO Configuration
 209              		.loc 1 65 5 view .LVU56
  71:Core/Src/spi.c ****     GPIO_InitStruct.Mode = GPIO_MODE_AF_PP;
 210              		.loc 1 71 5 view .LVU57
  71:Core/Src/spi.c ****     GPIO_InitStruct.Mode = GPIO_MODE_AF_PP;
 211              		.loc 1 71 25 is_stmt 0 view .LVU58
 212 005e 1823     		movs	r3, #24
 213 0060 0393     		str	r3, [sp, #12]
  72:Core/Src/spi.c ****     GPIO_InitStruct.Pull = GPIO_PULLUP;
 214              		.loc 1 72 5 is_stmt 1 view .LVU59
  72:Core/Src/spi.c ****     GPIO_InitStruct.Pull = GPIO_PULLUP;
 215              		.loc 1 72 26 is_stmt 0 view .LVU60
 216 0062 0227     		movs	r7, #2
 217 0064 0497     		str	r7, [sp, #16]
  73:Core/Src/spi.c ****     GPIO_InitStruct.Speed = GPIO_SPEED_FREQ_VERY_HIGH;
 218              		.loc 1 73 5 is_stmt 1 view .LVU61
  73:Core/Src/spi.c ****     GPIO_InitStruct.Speed = GPIO_SPEED_FREQ_VERY_HIGH;
 219              		.loc 1 73 26 is_stmt 0 view .LVU62
 220 0066 0126     		movs	r6, #1
 221 0068 0596     		str	r6, [sp, #20]
  74:Core/Src/spi.c ****     GPIO_InitStruct.Alternate = GPIO_AF5_SPI1;
 222              		.loc 1 74 5 is_stmt 1 view .LVU63
  74:Core/Src/spi.c ****     GPIO_InitStruct.Alternate = GPIO_AF5_SPI1;
 223              		.loc 1 74 27 is_stmt 0 view .LVU64
 224 006a 0325     		movs	r5, #3
 225 006c 0695     		str	r5, [sp, #24]
  75:Core/Src/spi.c ****     HAL_GPIO_Init(GPIOB, &GPIO_InitStruct);
 226              		.loc 1 75 5 is_stmt 1 view .LVU65
  75:Core/Src/spi.c ****     HAL_GPIO_Init(GPIOB, &GPIO_InitStruct);
 227              		.loc 1 75 31 is_stmt 0 view .LVU66
ARM GAS  C:\Users\86152\AppData\Local\Temp\cc6VHSRn.s 			page 7


 228 006e 0524     		movs	r4, #5
 229 0070 0794     		str	r4, [sp, #28]
  76:Core/Src/spi.c **** 
 230              		.loc 1 76 5 is_stmt 1 view .LVU67
 231 0072 03A9     		add	r1, sp, #12
 232 0074 0748     		ldr	r0, .L11+4
 233              	.LVL5:
  76:Core/Src/spi.c **** 
 234              		.loc 1 76 5 is_stmt 0 view .LVU68
 235 0076 FFF7FEFF 		bl	HAL_GPIO_Init
 236              	.LVL6:
  78:Core/Src/spi.c ****     GPIO_InitStruct.Mode = GPIO_MODE_AF_PP;
 237              		.loc 1 78 5 is_stmt 1 view .LVU69
  78:Core/Src/spi.c ****     GPIO_InitStruct.Mode = GPIO_MODE_AF_PP;
 238              		.loc 1 78 25 is_stmt 0 view .LVU70
 239 007a 8023     		movs	r3, #128
 240 007c 0393     		str	r3, [sp, #12]
  79:Core/Src/spi.c ****     GPIO_InitStruct.Pull = GPIO_PULLUP;
 241              		.loc 1 79 5 is_stmt 1 view .LVU71
  79:Core/Src/spi.c ****     GPIO_InitStruct.Pull = GPIO_PULLUP;
 242              		.loc 1 79 26 is_stmt 0 view .LVU72
 243 007e 0497     		str	r7, [sp, #16]
  80:Core/Src/spi.c ****     GPIO_InitStruct.Speed = GPIO_SPEED_FREQ_VERY_HIGH;
 244              		.loc 1 80 5 is_stmt 1 view .LVU73
  80:Core/Src/spi.c ****     GPIO_InitStruct.Speed = GPIO_SPEED_FREQ_VERY_HIGH;
 245              		.loc 1 80 26 is_stmt 0 view .LVU74
 246 0080 0596     		str	r6, [sp, #20]
  81:Core/Src/spi.c ****     GPIO_InitStruct.Alternate = GPIO_AF5_SPI1;
 247              		.loc 1 81 5 is_stmt 1 view .LVU75
  81:Core/Src/spi.c ****     GPIO_InitStruct.Alternate = GPIO_AF5_SPI1;
 248              		.loc 1 81 27 is_stmt 0 view .LVU76
 249 0082 0695     		str	r5, [sp, #24]
  82:Core/Src/spi.c ****     HAL_GPIO_Init(GPIOA, &GPIO_InitStruct);
 250              		.loc 1 82 5 is_stmt 1 view .LVU77
  82:Core/Src/spi.c ****     HAL_GPIO_Init(GPIOA, &GPIO_InitStruct);
 251              		.loc 1 82 31 is_stmt 0 view .LVU78
 252 0084 0794     		str	r4, [sp, #28]
  83:Core/Src/spi.c **** 
 253              		.loc 1 83 5 is_stmt 1 view .LVU79
 254 0086 03A9     		add	r1, sp, #12
 255 0088 0348     		ldr	r0, .L11+8
 256 008a FFF7FEFF 		bl	HAL_GPIO_Init
 257              	.LVL7:
 258              		.loc 1 89 1 is_stmt 0 view .LVU80
 259 008e C3E7     		b	.L7
 260              	.L12:
 261              		.align	2
 262              	.L11:
 263 0090 00300140 		.word	1073819648
 264 0094 00040240 		.word	1073873920
 265 0098 00000240 		.word	1073872896
 266              		.cfi_endproc
 267              	.LFE131:
 269              		.section	.text.HAL_SPI_MspDeInit,"ax",%progbits
 270              		.align	1
 271              		.global	HAL_SPI_MspDeInit
 272              		.syntax unified
ARM GAS  C:\Users\86152\AppData\Local\Temp\cc6VHSRn.s 			page 8


 273              		.thumb
 274              		.thumb_func
 276              	HAL_SPI_MspDeInit:
 277              	.LVL8:
 278              	.LFB132:
  90:Core/Src/spi.c **** 
  91:Core/Src/spi.c **** void HAL_SPI_MspDeInit(SPI_HandleTypeDef* spiHandle)
  92:Core/Src/spi.c **** {
 279              		.loc 1 92 1 is_stmt 1 view -0
 280              		.cfi_startproc
 281              		@ args = 0, pretend = 0, frame = 0
 282              		@ frame_needed = 0, uses_anonymous_args = 0
 283              		.loc 1 92 1 is_stmt 0 view .LVU82
 284 0000 08B5     		push	{r3, lr}
 285              	.LCFI5:
 286              		.cfi_def_cfa_offset 8
 287              		.cfi_offset 3, -8
 288              		.cfi_offset 14, -4
  93:Core/Src/spi.c **** 
  94:Core/Src/spi.c ****   if(spiHandle->Instance==SPI1)
 289              		.loc 1 94 3 is_stmt 1 view .LVU83
 290              		.loc 1 94 15 is_stmt 0 view .LVU84
 291 0002 0268     		ldr	r2, [r0]
 292              		.loc 1 94 5 view .LVU85
 293 0004 084B     		ldr	r3, .L17
 294 0006 9A42     		cmp	r2, r3
 295 0008 00D0     		beq	.L16
 296              	.LVL9:
 297              	.L13:
  95:Core/Src/spi.c ****   {
  96:Core/Src/spi.c ****   /* USER CODE BEGIN SPI1_MspDeInit 0 */
  97:Core/Src/spi.c **** 
  98:Core/Src/spi.c ****   /* USER CODE END SPI1_MspDeInit 0 */
  99:Core/Src/spi.c ****     /* Peripheral clock disable */
 100:Core/Src/spi.c ****     __HAL_RCC_SPI1_CLK_DISABLE();
 101:Core/Src/spi.c **** 
 102:Core/Src/spi.c ****     /**SPI1 GPIO Configuration
 103:Core/Src/spi.c ****     PB4     ------> SPI1_MISO
 104:Core/Src/spi.c ****     PB3     ------> SPI1_SCK
 105:Core/Src/spi.c ****     PA7     ------> SPI1_MOSI
 106:Core/Src/spi.c ****     */
 107:Core/Src/spi.c ****     HAL_GPIO_DeInit(GPIOB, GPIO_PIN_4|GPIO_PIN_3);
 108:Core/Src/spi.c **** 
 109:Core/Src/spi.c ****     HAL_GPIO_DeInit(GPIOA, GPIO_PIN_7);
 110:Core/Src/spi.c **** 
 111:Core/Src/spi.c ****   /* USER CODE BEGIN SPI1_MspDeInit 1 */
 112:Core/Src/spi.c **** 
 113:Core/Src/spi.c ****   /* USER CODE END SPI1_MspDeInit 1 */
 114:Core/Src/spi.c ****   }
 115:Core/Src/spi.c **** }
 298              		.loc 1 115 1 view .LVU86
 299 000a 08BD     		pop	{r3, pc}
 300              	.LVL10:
 301              	.L16:
 100:Core/Src/spi.c **** 
 302              		.loc 1 100 5 is_stmt 1 view .LVU87
 303 000c 074A     		ldr	r2, .L17+4
ARM GAS  C:\Users\86152\AppData\Local\Temp\cc6VHSRn.s 			page 9


 304 000e 536C     		ldr	r3, [r2, #68]
 305 0010 23F48053 		bic	r3, r3, #4096
 306 0014 5364     		str	r3, [r2, #68]
 107:Core/Src/spi.c **** 
 307              		.loc 1 107 5 view .LVU88
 308 0016 1821     		movs	r1, #24
 309 0018 0548     		ldr	r0, .L17+8
 310              	.LVL11:
 107:Core/Src/spi.c **** 
 311              		.loc 1 107 5 is_stmt 0 view .LVU89
 312 001a FFF7FEFF 		bl	HAL_GPIO_DeInit
 313              	.LVL12:
 109:Core/Src/spi.c **** 
 314              		.loc 1 109 5 is_stmt 1 view .LVU90
 315 001e 8021     		movs	r1, #128
 316 0020 0448     		ldr	r0, .L17+12
 317 0022 FFF7FEFF 		bl	HAL_GPIO_DeInit
 318              	.LVL13:
 319              		.loc 1 115 1 is_stmt 0 view .LVU91
 320 0026 F0E7     		b	.L13
 321              	.L18:
 322              		.align	2
 323              	.L17:
 324 0028 00300140 		.word	1073819648
 325 002c 00380240 		.word	1073887232
 326 0030 00040240 		.word	1073873920
 327 0034 00000240 		.word	1073872896
 328              		.cfi_endproc
 329              	.LFE132:
 331              		.global	hspi1
 332              		.section	.bss.hspi1,"aw",%nobits
 333              		.align	2
 334              		.set	.LANCHOR0,. + 0
 337              	hspi1:
 338 0000 00000000 		.space	88
 338      00000000 
 338      00000000 
 338      00000000 
 338      00000000 
 339              		.text
 340              	.Letext0:
 341              		.file 2 "c:\\program files (x86)\\gnu arm embedded toolchain\\10 2021.10\\arm-none-eabi\\include\\
 342              		.file 3 "c:\\program files (x86)\\gnu arm embedded toolchain\\10 2021.10\\arm-none-eabi\\include\\
 343              		.file 4 "Drivers/CMSIS/Device/ST/STM32F4xx/Include/stm32f407xx.h"
 344              		.file 5 "Drivers/STM32F4xx_HAL_Driver/Inc/stm32f4xx_hal_def.h"
 345              		.file 6 "Drivers/STM32F4xx_HAL_Driver/Inc/stm32f4xx_hal_gpio.h"
 346              		.file 7 "Drivers/STM32F4xx_HAL_Driver/Inc/stm32f4xx_hal_dma.h"
 347              		.file 8 "Drivers/STM32F4xx_HAL_Driver/Inc/stm32f4xx_hal_spi.h"
 348              		.file 9 "Core/Inc/main.h"
 349              		.file 10 "Core/Inc/spi.h"
ARM GAS  C:\Users\86152\AppData\Local\Temp\cc6VHSRn.s 			page 10


DEFINED SYMBOLS
                            *ABS*:00000000 spi.c
C:\Users\86152\AppData\Local\Temp\cc6VHSRn.s:20     .text.MX_SPI1_Init:00000000 $t
C:\Users\86152\AppData\Local\Temp\cc6VHSRn.s:26     .text.MX_SPI1_Init:00000000 MX_SPI1_Init
C:\Users\86152\AppData\Local\Temp\cc6VHSRn.s:101    .text.MX_SPI1_Init:00000040 $d
C:\Users\86152\AppData\Local\Temp\cc6VHSRn.s:107    .text.HAL_SPI_MspInit:00000000 $t
C:\Users\86152\AppData\Local\Temp\cc6VHSRn.s:113    .text.HAL_SPI_MspInit:00000000 HAL_SPI_MspInit
C:\Users\86152\AppData\Local\Temp\cc6VHSRn.s:263    .text.HAL_SPI_MspInit:00000090 $d
C:\Users\86152\AppData\Local\Temp\cc6VHSRn.s:270    .text.HAL_SPI_MspDeInit:00000000 $t
C:\Users\86152\AppData\Local\Temp\cc6VHSRn.s:276    .text.HAL_SPI_MspDeInit:00000000 HAL_SPI_MspDeInit
C:\Users\86152\AppData\Local\Temp\cc6VHSRn.s:324    .text.HAL_SPI_MspDeInit:00000028 $d
C:\Users\86152\AppData\Local\Temp\cc6VHSRn.s:337    .bss.hspi1:00000000 hspi1
C:\Users\86152\AppData\Local\Temp\cc6VHSRn.s:333    .bss.hspi1:00000000 $d

UNDEFINED SYMBOLS
HAL_SPI_Init
Error_Handler
HAL_GPIO_Init
HAL_GPIO_DeInit
