ARM GAS  C:\Users\86152\AppData\Local\Temp\ccmSzmuT.s 			page 1


   1              		.cpu cortex-m4
   2              		.arch armv7e-m
   3              		.fpu fpv4-sp-d16
   4              		.eabi_attribute 27, 1
   5              		.eabi_attribute 28, 1
   6              		.eabi_attribute 20, 1
   7              		.eabi_attribute 21, 1
   8              		.eabi_attribute 23, 3
   9              		.eabi_attribute 24, 1
  10              		.eabi_attribute 25, 1
  11              		.eabi_attribute 26, 1
  12              		.eabi_attribute 30, 1
  13              		.eabi_attribute 34, 1
  14              		.eabi_attribute 18, 4
  15              		.file	"tim.c"
  16              		.text
  17              	.Ltext0:
  18              		.cfi_sections	.debug_frame
  19              		.section	.text.HAL_TIM_Base_MspInit,"ax",%progbits
  20              		.align	1
  21              		.global	HAL_TIM_Base_MspInit
  22              		.syntax unified
  23              		.thumb
  24              		.thumb_func
  26              	HAL_TIM_Base_MspInit:
  27              	.LVL0:
  28              	.LFB132:
  29              		.file 1 "Core/Src/tim.c"
   1:Core/Src/tim.c **** /**
   2:Core/Src/tim.c ****  ******************************************************************************
   3:Core/Src/tim.c ****  * File Name          : TIM.c
   4:Core/Src/tim.c ****  * Description        : This file provides code for the configuration
   5:Core/Src/tim.c ****  *                      of the TIM instances.
   6:Core/Src/tim.c ****  ******************************************************************************
   7:Core/Src/tim.c ****  * @attention
   8:Core/Src/tim.c ****  *
   9:Core/Src/tim.c ****  * <h2><center>&copy; Copyright (c) 2025 STMicroelectronics.
  10:Core/Src/tim.c ****  * All rights reserved.</center></h2>
  11:Core/Src/tim.c ****  *
  12:Core/Src/tim.c ****  * This software component is licensed by ST under Ultimate Liberty license
  13:Core/Src/tim.c ****  * SLA0044, the "License"; You may not use this file except in compliance with
  14:Core/Src/tim.c ****  * the License. You may obtain a copy of the License at:
  15:Core/Src/tim.c ****  *                             www.st.com/SLA0044
  16:Core/Src/tim.c ****  *
  17:Core/Src/tim.c ****  ******************************************************************************
  18:Core/Src/tim.c ****  */
  19:Core/Src/tim.c **** 
  20:Core/Src/tim.c **** /* Includes ------------------------------------------------------------------*/
  21:Core/Src/tim.c **** #include "tim.h"
  22:Core/Src/tim.c **** 
  23:Core/Src/tim.c **** /* USER CODE BEGIN 0 */
  24:Core/Src/tim.c **** 
  25:Core/Src/tim.c **** /* USER CODE END 0 */
  26:Core/Src/tim.c **** 
  27:Core/Src/tim.c **** TIM_HandleTypeDef htim4;
  28:Core/Src/tim.c **** TIM_HandleTypeDef htim10;
  29:Core/Src/tim.c **** 
ARM GAS  C:\Users\86152\AppData\Local\Temp\ccmSzmuT.s 			page 2


  30:Core/Src/tim.c **** /* TIM4 init function */
  31:Core/Src/tim.c **** void MX_TIM4_Init(void)
  32:Core/Src/tim.c **** {
  33:Core/Src/tim.c ****   TIM_ClockConfigTypeDef sClockSourceConfig = {0};
  34:Core/Src/tim.c ****   TIM_MasterConfigTypeDef sMasterConfig = {0};
  35:Core/Src/tim.c ****   TIM_OC_InitTypeDef sConfigOC = {0};
  36:Core/Src/tim.c **** 
  37:Core/Src/tim.c ****   htim4.Instance = TIM4;
  38:Core/Src/tim.c ****   htim4.Init.Prescaler = 42 - 1;
  39:Core/Src/tim.c ****   htim4.Init.CounterMode = TIM_COUNTERMODE_UP;
  40:Core/Src/tim.c ****   htim4.Init.Period = 20000 - 1;
  41:Core/Src/tim.c ****   htim4.Init.ClockDivision = TIM_CLOCKDIVISION_DIV1;
  42:Core/Src/tim.c ****   htim4.Init.AutoReloadPreload = TIM_AUTORELOAD_PRELOAD_DISABLE;
  43:Core/Src/tim.c ****   if (HAL_TIM_Base_Init(&htim4) != HAL_OK)
  44:Core/Src/tim.c ****   {
  45:Core/Src/tim.c ****     Error_Handler();
  46:Core/Src/tim.c ****   }
  47:Core/Src/tim.c ****   sClockSourceConfig.ClockSource = TIM_CLOCKSOURCE_INTERNAL;
  48:Core/Src/tim.c ****   if (HAL_TIM_ConfigClockSource(&htim4, &sClockSourceConfig) != HAL_OK)
  49:Core/Src/tim.c ****   {
  50:Core/Src/tim.c ****     Error_Handler();
  51:Core/Src/tim.c ****   }
  52:Core/Src/tim.c ****   if (HAL_TIM_PWM_Init(&htim4) != HAL_OK)
  53:Core/Src/tim.c ****   {
  54:Core/Src/tim.c ****     Error_Handler();
  55:Core/Src/tim.c ****   }
  56:Core/Src/tim.c ****   sMasterConfig.MasterOutputTrigger = TIM_TRGO_RESET;
  57:Core/Src/tim.c ****   sMasterConfig.MasterSlaveMode = TIM_MASTERSLAVEMODE_DISABLE;
  58:Core/Src/tim.c ****   if (HAL_TIMEx_MasterConfigSynchronization(&htim4, &sMasterConfig) != HAL_OK)
  59:Core/Src/tim.c ****   {
  60:Core/Src/tim.c ****     Error_Handler();
  61:Core/Src/tim.c ****   }
  62:Core/Src/tim.c ****   sConfigOC.OCMode = TIM_OCMODE_PWM1;
  63:Core/Src/tim.c ****   sConfigOC.Pulse = 0;
  64:Core/Src/tim.c ****   sConfigOC.OCPolarity = TIM_OCPOLARITY_HIGH;
  65:Core/Src/tim.c ****   sConfigOC.OCFastMode = TIM_OCFAST_DISABLE;
  66:Core/Src/tim.c ****   if (HAL_TIM_PWM_ConfigChannel(&htim4, &sConfigOC, TIM_CHANNEL_3) != HAL_OK)
  67:Core/Src/tim.c ****   {
  68:Core/Src/tim.c ****     Error_Handler();
  69:Core/Src/tim.c ****   }
  70:Core/Src/tim.c ****   HAL_TIM_MspPostInit(&htim4);
  71:Core/Src/tim.c **** }
  72:Core/Src/tim.c **** /* TIM10 init function */
  73:Core/Src/tim.c **** void MX_TIM10_Init(void)
  74:Core/Src/tim.c **** {
  75:Core/Src/tim.c ****   TIM_OC_InitTypeDef sConfigOC = {0};
  76:Core/Src/tim.c **** 
  77:Core/Src/tim.c ****   htim10.Instance = TIM10;
  78:Core/Src/tim.c ****   htim10.Init.Prescaler = 84 - 1;
  79:Core/Src/tim.c ****   htim10.Init.CounterMode = TIM_COUNTERMODE_UP;
  80:Core/Src/tim.c ****   htim10.Init.Period = 2000 - 1;
  81:Core/Src/tim.c ****   htim10.Init.ClockDivision = TIM_CLOCKDIVISION_DIV1;
  82:Core/Src/tim.c ****   htim10.Init.AutoReloadPreload = TIM_AUTORELOAD_PRELOAD_DISABLE;
  83:Core/Src/tim.c ****   if (HAL_TIM_Base_Init(&htim10) != HAL_OK)
  84:Core/Src/tim.c ****   {
  85:Core/Src/tim.c ****     Error_Handler();
  86:Core/Src/tim.c ****   }
ARM GAS  C:\Users\86152\AppData\Local\Temp\ccmSzmuT.s 			page 3


  87:Core/Src/tim.c ****   if (HAL_TIM_PWM_Init(&htim10) != HAL_OK)
  88:Core/Src/tim.c ****   {
  89:Core/Src/tim.c ****     Error_Handler();
  90:Core/Src/tim.c ****   }
  91:Core/Src/tim.c ****   sConfigOC.OCMode = TIM_OCMODE_PWM1;
  92:Core/Src/tim.c ****   sConfigOC.Pulse = 0;
  93:Core/Src/tim.c ****   sConfigOC.OCPolarity = TIM_OCPOLARITY_HIGH;
  94:Core/Src/tim.c ****   sConfigOC.OCFastMode = TIM_OCFAST_DISABLE;
  95:Core/Src/tim.c ****   if (HAL_TIM_PWM_ConfigChannel(&htim10, &sConfigOC, TIM_CHANNEL_1) != HAL_OK)
  96:Core/Src/tim.c ****   {
  97:Core/Src/tim.c ****     Error_Handler();
  98:Core/Src/tim.c ****   }
  99:Core/Src/tim.c ****   HAL_TIM_MspPostInit(&htim10);
 100:Core/Src/tim.c **** }
 101:Core/Src/tim.c **** 
 102:Core/Src/tim.c **** void HAL_TIM_Base_MspInit(TIM_HandleTypeDef *tim_baseHandle)
 103:Core/Src/tim.c **** {
  30              		.loc 1 103 1 view -0
  31              		.cfi_startproc
  32              		@ args = 0, pretend = 0, frame = 8
  33              		@ frame_needed = 0, uses_anonymous_args = 0
  34              		@ link register save eliminated.
  35              		.loc 1 103 1 is_stmt 0 view .LVU1
  36 0000 82B0     		sub	sp, sp, #8
  37              	.LCFI0:
  38              		.cfi_def_cfa_offset 8
 104:Core/Src/tim.c **** 
 105:Core/Src/tim.c ****   if (tim_baseHandle->Instance == TIM4)
  39              		.loc 1 105 3 is_stmt 1 view .LVU2
  40              		.loc 1 105 21 is_stmt 0 view .LVU3
  41 0002 0368     		ldr	r3, [r0]
  42              		.loc 1 105 6 view .LVU4
  43 0004 104A     		ldr	r2, .L7
  44 0006 9342     		cmp	r3, r2
  45 0008 04D0     		beq	.L5
 106:Core/Src/tim.c ****   {
 107:Core/Src/tim.c ****     /* USER CODE BEGIN TIM4_MspInit 0 */
 108:Core/Src/tim.c **** 
 109:Core/Src/tim.c ****     /* USER CODE END TIM4_MspInit 0 */
 110:Core/Src/tim.c ****     /* TIM4 clock enable */
 111:Core/Src/tim.c ****     __HAL_RCC_TIM4_CLK_ENABLE();
 112:Core/Src/tim.c ****     /* USER CODE BEGIN TIM4_MspInit 1 */
 113:Core/Src/tim.c **** 
 114:Core/Src/tim.c ****     /* USER CODE END TIM4_MspInit 1 */
 115:Core/Src/tim.c ****   }
 116:Core/Src/tim.c ****   else if (tim_baseHandle->Instance == TIM10)
  46              		.loc 1 116 8 is_stmt 1 view .LVU5
  47              		.loc 1 116 11 is_stmt 0 view .LVU6
  48 000a 104A     		ldr	r2, .L7+4
  49 000c 9342     		cmp	r3, r2
  50 000e 0ED0     		beq	.L6
  51              	.L1:
 117:Core/Src/tim.c ****   {
 118:Core/Src/tim.c ****     /* USER CODE BEGIN TIM10_MspInit 0 */
 119:Core/Src/tim.c **** 
 120:Core/Src/tim.c ****     /* USER CODE END TIM10_MspInit 0 */
 121:Core/Src/tim.c ****     /* TIM10 clock enable */
ARM GAS  C:\Users\86152\AppData\Local\Temp\ccmSzmuT.s 			page 4


 122:Core/Src/tim.c ****     __HAL_RCC_TIM10_CLK_ENABLE();
 123:Core/Src/tim.c ****     /* USER CODE BEGIN TIM10_MspInit 1 */
 124:Core/Src/tim.c **** 
 125:Core/Src/tim.c ****     /* USER CODE END TIM10_MspInit 1 */
 126:Core/Src/tim.c ****   }
 127:Core/Src/tim.c **** }
  52              		.loc 1 127 1 view .LVU7
  53 0010 02B0     		add	sp, sp, #8
  54              	.LCFI1:
  55              		.cfi_remember_state
  56              		.cfi_def_cfa_offset 0
  57              		@ sp needed
  58 0012 7047     		bx	lr
  59              	.L5:
  60              	.LCFI2:
  61              		.cfi_restore_state
 111:Core/Src/tim.c ****     /* USER CODE BEGIN TIM4_MspInit 1 */
  62              		.loc 1 111 5 is_stmt 1 view .LVU8
  63              	.LBB2:
 111:Core/Src/tim.c ****     /* USER CODE BEGIN TIM4_MspInit 1 */
  64              		.loc 1 111 5 view .LVU9
  65 0014 0023     		movs	r3, #0
  66 0016 0093     		str	r3, [sp]
 111:Core/Src/tim.c ****     /* USER CODE BEGIN TIM4_MspInit 1 */
  67              		.loc 1 111 5 view .LVU10
  68 0018 0D4B     		ldr	r3, .L7+8
  69 001a 1A6C     		ldr	r2, [r3, #64]
  70 001c 42F00402 		orr	r2, r2, #4
  71 0020 1A64     		str	r2, [r3, #64]
 111:Core/Src/tim.c ****     /* USER CODE BEGIN TIM4_MspInit 1 */
  72              		.loc 1 111 5 view .LVU11
  73 0022 1B6C     		ldr	r3, [r3, #64]
  74 0024 03F00403 		and	r3, r3, #4
  75 0028 0093     		str	r3, [sp]
 111:Core/Src/tim.c ****     /* USER CODE BEGIN TIM4_MspInit 1 */
  76              		.loc 1 111 5 view .LVU12
  77 002a 009B     		ldr	r3, [sp]
  78              	.LBE2:
 111:Core/Src/tim.c ****     /* USER CODE BEGIN TIM4_MspInit 1 */
  79              		.loc 1 111 5 view .LVU13
  80 002c F0E7     		b	.L1
  81              	.L6:
 122:Core/Src/tim.c ****     /* USER CODE BEGIN TIM10_MspInit 1 */
  82              		.loc 1 122 5 view .LVU14
  83              	.LBB3:
 122:Core/Src/tim.c ****     /* USER CODE BEGIN TIM10_MspInit 1 */
  84              		.loc 1 122 5 view .LVU15
  85 002e 0023     		movs	r3, #0
  86 0030 0193     		str	r3, [sp, #4]
 122:Core/Src/tim.c ****     /* USER CODE BEGIN TIM10_MspInit 1 */
  87              		.loc 1 122 5 view .LVU16
  88 0032 074B     		ldr	r3, .L7+8
  89 0034 5A6C     		ldr	r2, [r3, #68]
  90 0036 42F40032 		orr	r2, r2, #131072
  91 003a 5A64     		str	r2, [r3, #68]
 122:Core/Src/tim.c ****     /* USER CODE BEGIN TIM10_MspInit 1 */
  92              		.loc 1 122 5 view .LVU17
ARM GAS  C:\Users\86152\AppData\Local\Temp\ccmSzmuT.s 			page 5


  93 003c 5B6C     		ldr	r3, [r3, #68]
  94 003e 03F40033 		and	r3, r3, #131072
  95 0042 0193     		str	r3, [sp, #4]
 122:Core/Src/tim.c ****     /* USER CODE BEGIN TIM10_MspInit 1 */
  96              		.loc 1 122 5 view .LVU18
  97 0044 019B     		ldr	r3, [sp, #4]
  98              	.LBE3:
 122:Core/Src/tim.c ****     /* USER CODE BEGIN TIM10_MspInit 1 */
  99              		.loc 1 122 5 view .LVU19
 100              		.loc 1 127 1 is_stmt 0 view .LVU20
 101 0046 E3E7     		b	.L1
 102              	.L8:
 103              		.align	2
 104              	.L7:
 105 0048 00080040 		.word	1073743872
 106 004c 00440140 		.word	1073824768
 107 0050 00380240 		.word	1073887232
 108              		.cfi_endproc
 109              	.LFE132:
 111              		.section	.text.HAL_TIM_MspPostInit,"ax",%progbits
 112              		.align	1
 113              		.global	HAL_TIM_MspPostInit
 114              		.syntax unified
 115              		.thumb
 116              		.thumb_func
 118              	HAL_TIM_MspPostInit:
 119              	.LVL1:
 120              	.LFB133:
 128:Core/Src/tim.c **** void HAL_TIM_MspPostInit(TIM_HandleTypeDef *timHandle)
 129:Core/Src/tim.c **** {
 121              		.loc 1 129 1 is_stmt 1 view -0
 122              		.cfi_startproc
 123              		@ args = 0, pretend = 0, frame = 32
 124              		@ frame_needed = 0, uses_anonymous_args = 0
 125              		.loc 1 129 1 is_stmt 0 view .LVU22
 126 0000 00B5     		push	{lr}
 127              	.LCFI3:
 128              		.cfi_def_cfa_offset 4
 129              		.cfi_offset 14, -4
 130 0002 89B0     		sub	sp, sp, #36
 131              	.LCFI4:
 132              		.cfi_def_cfa_offset 40
 130:Core/Src/tim.c **** 
 131:Core/Src/tim.c ****   GPIO_InitTypeDef GPIO_InitStruct = {0};
 133              		.loc 1 131 3 is_stmt 1 view .LVU23
 134              		.loc 1 131 20 is_stmt 0 view .LVU24
 135 0004 0023     		movs	r3, #0
 136 0006 0393     		str	r3, [sp, #12]
 137 0008 0493     		str	r3, [sp, #16]
 138 000a 0593     		str	r3, [sp, #20]
 139 000c 0693     		str	r3, [sp, #24]
 140 000e 0793     		str	r3, [sp, #28]
 132:Core/Src/tim.c ****   if (timHandle->Instance == TIM4)
 141              		.loc 1 132 3 is_stmt 1 view .LVU25
 142              		.loc 1 132 16 is_stmt 0 view .LVU26
 143 0010 0368     		ldr	r3, [r0]
 144              		.loc 1 132 6 view .LVU27
ARM GAS  C:\Users\86152\AppData\Local\Temp\ccmSzmuT.s 			page 6


 145 0012 1F4A     		ldr	r2, .L15
 146 0014 9342     		cmp	r3, r2
 147 0016 05D0     		beq	.L13
 133:Core/Src/tim.c ****   {
 134:Core/Src/tim.c ****     /* USER CODE BEGIN TIM4_MspPostInit 0 */
 135:Core/Src/tim.c **** 
 136:Core/Src/tim.c ****     /* USER CODE END TIM4_MspPostInit 0 */
 137:Core/Src/tim.c ****     __HAL_RCC_GPIOD_CLK_ENABLE();
 138:Core/Src/tim.c ****     /**TIM4 GPIO Configuration
 139:Core/Src/tim.c ****     PD14     ------> TIM4_CH3
 140:Core/Src/tim.c ****     */
 141:Core/Src/tim.c ****     GPIO_InitStruct.Pin = GPIO_PIN_14;
 142:Core/Src/tim.c ****     GPIO_InitStruct.Mode = GPIO_MODE_AF_PP;
 143:Core/Src/tim.c ****     GPIO_InitStruct.Pull = GPIO_PULLUP;
 144:Core/Src/tim.c ****     GPIO_InitStruct.Speed = GPIO_SPEED_FREQ_VERY_HIGH;
 145:Core/Src/tim.c ****     GPIO_InitStruct.Alternate = GPIO_AF2_TIM4;
 146:Core/Src/tim.c ****     HAL_GPIO_Init(GPIOD, &GPIO_InitStruct);
 147:Core/Src/tim.c **** 
 148:Core/Src/tim.c ****     /* USER CODE BEGIN TIM4_MspPostInit 1 */
 149:Core/Src/tim.c **** 
 150:Core/Src/tim.c ****     /* USER CODE END TIM4_MspPostInit 1 */
 151:Core/Src/tim.c ****   }
 152:Core/Src/tim.c ****   else if (timHandle->Instance == TIM10)
 148              		.loc 1 152 8 is_stmt 1 view .LVU28
 149              		.loc 1 152 11 is_stmt 0 view .LVU29
 150 0018 1E4A     		ldr	r2, .L15+4
 151 001a 9342     		cmp	r3, r2
 152 001c 1DD0     		beq	.L14
 153              	.LVL2:
 154              	.L9:
 153:Core/Src/tim.c ****   {
 154:Core/Src/tim.c ****     /* USER CODE BEGIN TIM10_MspPostInit 0 */
 155:Core/Src/tim.c **** 
 156:Core/Src/tim.c ****     /* USER CODE END TIM10_MspPostInit 0 */
 157:Core/Src/tim.c **** 
 158:Core/Src/tim.c ****     __HAL_RCC_GPIOF_CLK_ENABLE();
 159:Core/Src/tim.c ****     /**TIM10 GPIO Configuration
 160:Core/Src/tim.c ****     PF6     ------> TIM10_CH1
 161:Core/Src/tim.c ****     */
 162:Core/Src/tim.c ****     GPIO_InitStruct.Pin = IMU_HEAT_Pin;
 163:Core/Src/tim.c ****     GPIO_InitStruct.Mode = GPIO_MODE_AF_PP;
 164:Core/Src/tim.c ****     GPIO_InitStruct.Pull = GPIO_PULLUP;
 165:Core/Src/tim.c ****     GPIO_InitStruct.Speed = GPIO_SPEED_FREQ_HIGH;
 166:Core/Src/tim.c ****     GPIO_InitStruct.Alternate = GPIO_AF3_TIM10;
 167:Core/Src/tim.c ****     HAL_GPIO_Init(IMU_HEAT_GPIO_Port, &GPIO_InitStruct);
 168:Core/Src/tim.c **** 
 169:Core/Src/tim.c ****     /* USER CODE BEGIN TIM10_MspPostInit 1 */
 170:Core/Src/tim.c **** 
 171:Core/Src/tim.c ****     /* USER CODE END TIM10_MspPostInit 1 */
 172:Core/Src/tim.c ****   }
 173:Core/Src/tim.c **** }
 155              		.loc 1 173 1 view .LVU30
 156 001e 09B0     		add	sp, sp, #36
 157              	.LCFI5:
 158              		.cfi_remember_state
 159              		.cfi_def_cfa_offset 4
 160              		@ sp needed
ARM GAS  C:\Users\86152\AppData\Local\Temp\ccmSzmuT.s 			page 7


 161 0020 5DF804FB 		ldr	pc, [sp], #4
 162              	.LVL3:
 163              	.L13:
 164              	.LCFI6:
 165              		.cfi_restore_state
 137:Core/Src/tim.c ****     /**TIM4 GPIO Configuration
 166              		.loc 1 137 5 is_stmt 1 view .LVU31
 167              	.LBB4:
 137:Core/Src/tim.c ****     /**TIM4 GPIO Configuration
 168              		.loc 1 137 5 view .LVU32
 169 0024 0023     		movs	r3, #0
 170 0026 0193     		str	r3, [sp, #4]
 137:Core/Src/tim.c ****     /**TIM4 GPIO Configuration
 171              		.loc 1 137 5 view .LVU33
 172 0028 1B4B     		ldr	r3, .L15+8
 173 002a 1A6B     		ldr	r2, [r3, #48]
 174 002c 42F00802 		orr	r2, r2, #8
 175 0030 1A63     		str	r2, [r3, #48]
 137:Core/Src/tim.c ****     /**TIM4 GPIO Configuration
 176              		.loc 1 137 5 view .LVU34
 177 0032 1B6B     		ldr	r3, [r3, #48]
 178 0034 03F00803 		and	r3, r3, #8
 179 0038 0193     		str	r3, [sp, #4]
 137:Core/Src/tim.c ****     /**TIM4 GPIO Configuration
 180              		.loc 1 137 5 view .LVU35
 181 003a 019B     		ldr	r3, [sp, #4]
 182              	.LBE4:
 137:Core/Src/tim.c ****     /**TIM4 GPIO Configuration
 183              		.loc 1 137 5 view .LVU36
 141:Core/Src/tim.c ****     GPIO_InitStruct.Mode = GPIO_MODE_AF_PP;
 184              		.loc 1 141 5 view .LVU37
 141:Core/Src/tim.c ****     GPIO_InitStruct.Mode = GPIO_MODE_AF_PP;
 185              		.loc 1 141 25 is_stmt 0 view .LVU38
 186 003c 4FF48043 		mov	r3, #16384
 187 0040 0393     		str	r3, [sp, #12]
 142:Core/Src/tim.c ****     GPIO_InitStruct.Pull = GPIO_PULLUP;
 188              		.loc 1 142 5 is_stmt 1 view .LVU39
 142:Core/Src/tim.c ****     GPIO_InitStruct.Pull = GPIO_PULLUP;
 189              		.loc 1 142 26 is_stmt 0 view .LVU40
 190 0042 0223     		movs	r3, #2
 191 0044 0493     		str	r3, [sp, #16]
 143:Core/Src/tim.c ****     GPIO_InitStruct.Speed = GPIO_SPEED_FREQ_VERY_HIGH;
 192              		.loc 1 143 5 is_stmt 1 view .LVU41
 143:Core/Src/tim.c ****     GPIO_InitStruct.Speed = GPIO_SPEED_FREQ_VERY_HIGH;
 193              		.loc 1 143 26 is_stmt 0 view .LVU42
 194 0046 0122     		movs	r2, #1
 195 0048 0592     		str	r2, [sp, #20]
 144:Core/Src/tim.c ****     GPIO_InitStruct.Alternate = GPIO_AF2_TIM4;
 196              		.loc 1 144 5 is_stmt 1 view .LVU43
 144:Core/Src/tim.c ****     GPIO_InitStruct.Alternate = GPIO_AF2_TIM4;
 197              		.loc 1 144 27 is_stmt 0 view .LVU44
 198 004a 0322     		movs	r2, #3
 199 004c 0692     		str	r2, [sp, #24]
 145:Core/Src/tim.c ****     HAL_GPIO_Init(GPIOD, &GPIO_InitStruct);
 200              		.loc 1 145 5 is_stmt 1 view .LVU45
 145:Core/Src/tim.c ****     HAL_GPIO_Init(GPIOD, &GPIO_InitStruct);
 201              		.loc 1 145 31 is_stmt 0 view .LVU46
ARM GAS  C:\Users\86152\AppData\Local\Temp\ccmSzmuT.s 			page 8


 202 004e 0793     		str	r3, [sp, #28]
 146:Core/Src/tim.c **** 
 203              		.loc 1 146 5 is_stmt 1 view .LVU47
 204 0050 03A9     		add	r1, sp, #12
 205 0052 1248     		ldr	r0, .L15+12
 206              	.LVL4:
 146:Core/Src/tim.c **** 
 207              		.loc 1 146 5 is_stmt 0 view .LVU48
 208 0054 FFF7FEFF 		bl	HAL_GPIO_Init
 209              	.LVL5:
 210 0058 E1E7     		b	.L9
 211              	.LVL6:
 212              	.L14:
 158:Core/Src/tim.c ****     /**TIM10 GPIO Configuration
 213              		.loc 1 158 5 is_stmt 1 view .LVU49
 214              	.LBB5:
 158:Core/Src/tim.c ****     /**TIM10 GPIO Configuration
 215              		.loc 1 158 5 view .LVU50
 216 005a 0023     		movs	r3, #0
 217 005c 0293     		str	r3, [sp, #8]
 158:Core/Src/tim.c ****     /**TIM10 GPIO Configuration
 218              		.loc 1 158 5 view .LVU51
 219 005e 0E4B     		ldr	r3, .L15+8
 220 0060 1A6B     		ldr	r2, [r3, #48]
 221 0062 42F02002 		orr	r2, r2, #32
 222 0066 1A63     		str	r2, [r3, #48]
 158:Core/Src/tim.c ****     /**TIM10 GPIO Configuration
 223              		.loc 1 158 5 view .LVU52
 224 0068 1B6B     		ldr	r3, [r3, #48]
 225 006a 03F02003 		and	r3, r3, #32
 226 006e 0293     		str	r3, [sp, #8]
 158:Core/Src/tim.c ****     /**TIM10 GPIO Configuration
 227              		.loc 1 158 5 view .LVU53
 228 0070 029B     		ldr	r3, [sp, #8]
 229              	.LBE5:
 158:Core/Src/tim.c ****     /**TIM10 GPIO Configuration
 230              		.loc 1 158 5 view .LVU54
 162:Core/Src/tim.c ****     GPIO_InitStruct.Mode = GPIO_MODE_AF_PP;
 231              		.loc 1 162 5 view .LVU55
 162:Core/Src/tim.c ****     GPIO_InitStruct.Mode = GPIO_MODE_AF_PP;
 232              		.loc 1 162 25 is_stmt 0 view .LVU56
 233 0072 4023     		movs	r3, #64
 234 0074 0393     		str	r3, [sp, #12]
 163:Core/Src/tim.c ****     GPIO_InitStruct.Pull = GPIO_PULLUP;
 235              		.loc 1 163 5 is_stmt 1 view .LVU57
 163:Core/Src/tim.c ****     GPIO_InitStruct.Pull = GPIO_PULLUP;
 236              		.loc 1 163 26 is_stmt 0 view .LVU58
 237 0076 0223     		movs	r3, #2
 238 0078 0493     		str	r3, [sp, #16]
 164:Core/Src/tim.c ****     GPIO_InitStruct.Speed = GPIO_SPEED_FREQ_HIGH;
 239              		.loc 1 164 5 is_stmt 1 view .LVU59
 164:Core/Src/tim.c ****     GPIO_InitStruct.Speed = GPIO_SPEED_FREQ_HIGH;
 240              		.loc 1 164 26 is_stmt 0 view .LVU60
 241 007a 0122     		movs	r2, #1
 242 007c 0592     		str	r2, [sp, #20]
 165:Core/Src/tim.c ****     GPIO_InitStruct.Alternate = GPIO_AF3_TIM10;
 243              		.loc 1 165 5 is_stmt 1 view .LVU61
ARM GAS  C:\Users\86152\AppData\Local\Temp\ccmSzmuT.s 			page 9


 165:Core/Src/tim.c ****     GPIO_InitStruct.Alternate = GPIO_AF3_TIM10;
 244              		.loc 1 165 27 is_stmt 0 view .LVU62
 245 007e 0693     		str	r3, [sp, #24]
 166:Core/Src/tim.c ****     HAL_GPIO_Init(IMU_HEAT_GPIO_Port, &GPIO_InitStruct);
 246              		.loc 1 166 5 is_stmt 1 view .LVU63
 166:Core/Src/tim.c ****     HAL_GPIO_Init(IMU_HEAT_GPIO_Port, &GPIO_InitStruct);
 247              		.loc 1 166 31 is_stmt 0 view .LVU64
 248 0080 0323     		movs	r3, #3
 249 0082 0793     		str	r3, [sp, #28]
 167:Core/Src/tim.c **** 
 250              		.loc 1 167 5 is_stmt 1 view .LVU65
 251 0084 03A9     		add	r1, sp, #12
 252 0086 0648     		ldr	r0, .L15+16
 253              	.LVL7:
 167:Core/Src/tim.c **** 
 254              		.loc 1 167 5 is_stmt 0 view .LVU66
 255 0088 FFF7FEFF 		bl	HAL_GPIO_Init
 256              	.LVL8:
 257              		.loc 1 173 1 view .LVU67
 258 008c C7E7     		b	.L9
 259              	.L16:
 260 008e 00BF     		.align	2
 261              	.L15:
 262 0090 00080040 		.word	1073743872
 263 0094 00440140 		.word	1073824768
 264 0098 00380240 		.word	1073887232
 265 009c 000C0240 		.word	1073875968
 266 00a0 00140240 		.word	1073878016
 267              		.cfi_endproc
 268              	.LFE133:
 270              		.section	.text.MX_TIM4_Init,"ax",%progbits
 271              		.align	1
 272              		.global	MX_TIM4_Init
 273              		.syntax unified
 274              		.thumb
 275              		.thumb_func
 277              	MX_TIM4_Init:
 278              	.LFB130:
  32:Core/Src/tim.c ****   TIM_ClockConfigTypeDef sClockSourceConfig = {0};
 279              		.loc 1 32 1 is_stmt 1 view -0
 280              		.cfi_startproc
 281              		@ args = 0, pretend = 0, frame = 56
 282              		@ frame_needed = 0, uses_anonymous_args = 0
 283 0000 00B5     		push	{lr}
 284              	.LCFI7:
 285              		.cfi_def_cfa_offset 4
 286              		.cfi_offset 14, -4
 287 0002 8FB0     		sub	sp, sp, #60
 288              	.LCFI8:
 289              		.cfi_def_cfa_offset 64
  33:Core/Src/tim.c ****   TIM_MasterConfigTypeDef sMasterConfig = {0};
 290              		.loc 1 33 3 view .LVU69
  33:Core/Src/tim.c ****   TIM_MasterConfigTypeDef sMasterConfig = {0};
 291              		.loc 1 33 26 is_stmt 0 view .LVU70
 292 0004 0023     		movs	r3, #0
 293 0006 0A93     		str	r3, [sp, #40]
 294 0008 0B93     		str	r3, [sp, #44]
ARM GAS  C:\Users\86152\AppData\Local\Temp\ccmSzmuT.s 			page 10


 295 000a 0C93     		str	r3, [sp, #48]
 296 000c 0D93     		str	r3, [sp, #52]
  34:Core/Src/tim.c ****   TIM_OC_InitTypeDef sConfigOC = {0};
 297              		.loc 1 34 3 is_stmt 1 view .LVU71
  34:Core/Src/tim.c ****   TIM_OC_InitTypeDef sConfigOC = {0};
 298              		.loc 1 34 27 is_stmt 0 view .LVU72
 299 000e 0893     		str	r3, [sp, #32]
 300 0010 0993     		str	r3, [sp, #36]
  35:Core/Src/tim.c **** 
 301              		.loc 1 35 3 is_stmt 1 view .LVU73
  35:Core/Src/tim.c **** 
 302              		.loc 1 35 22 is_stmt 0 view .LVU74
 303 0012 0193     		str	r3, [sp, #4]
 304 0014 0293     		str	r3, [sp, #8]
 305 0016 0393     		str	r3, [sp, #12]
 306 0018 0493     		str	r3, [sp, #16]
 307 001a 0593     		str	r3, [sp, #20]
 308 001c 0693     		str	r3, [sp, #24]
 309 001e 0793     		str	r3, [sp, #28]
  37:Core/Src/tim.c ****   htim4.Init.Prescaler = 42 - 1;
 310              		.loc 1 37 3 is_stmt 1 view .LVU75
  37:Core/Src/tim.c ****   htim4.Init.Prescaler = 42 - 1;
 311              		.loc 1 37 18 is_stmt 0 view .LVU76
 312 0020 2148     		ldr	r0, .L29
 313 0022 224A     		ldr	r2, .L29+4
 314 0024 0260     		str	r2, [r0]
  38:Core/Src/tim.c ****   htim4.Init.CounterMode = TIM_COUNTERMODE_UP;
 315              		.loc 1 38 3 is_stmt 1 view .LVU77
  38:Core/Src/tim.c ****   htim4.Init.CounterMode = TIM_COUNTERMODE_UP;
 316              		.loc 1 38 24 is_stmt 0 view .LVU78
 317 0026 2922     		movs	r2, #41
 318 0028 4260     		str	r2, [r0, #4]
  39:Core/Src/tim.c ****   htim4.Init.Period = 20000 - 1;
 319              		.loc 1 39 3 is_stmt 1 view .LVU79
  39:Core/Src/tim.c ****   htim4.Init.Period = 20000 - 1;
 320              		.loc 1 39 26 is_stmt 0 view .LVU80
 321 002a 8360     		str	r3, [r0, #8]
  40:Core/Src/tim.c ****   htim4.Init.ClockDivision = TIM_CLOCKDIVISION_DIV1;
 322              		.loc 1 40 3 is_stmt 1 view .LVU81
  40:Core/Src/tim.c ****   htim4.Init.ClockDivision = TIM_CLOCKDIVISION_DIV1;
 323              		.loc 1 40 21 is_stmt 0 view .LVU82
 324 002c 44F61F62 		movw	r2, #19999
 325 0030 C260     		str	r2, [r0, #12]
  41:Core/Src/tim.c ****   htim4.Init.AutoReloadPreload = TIM_AUTORELOAD_PRELOAD_DISABLE;
 326              		.loc 1 41 3 is_stmt 1 view .LVU83
  41:Core/Src/tim.c ****   htim4.Init.AutoReloadPreload = TIM_AUTORELOAD_PRELOAD_DISABLE;
 327              		.loc 1 41 28 is_stmt 0 view .LVU84
 328 0032 0361     		str	r3, [r0, #16]
  42:Core/Src/tim.c ****   if (HAL_TIM_Base_Init(&htim4) != HAL_OK)
 329              		.loc 1 42 3 is_stmt 1 view .LVU85
  42:Core/Src/tim.c ****   if (HAL_TIM_Base_Init(&htim4) != HAL_OK)
 330              		.loc 1 42 32 is_stmt 0 view .LVU86
 331 0034 8361     		str	r3, [r0, #24]
  43:Core/Src/tim.c ****   {
 332              		.loc 1 43 3 is_stmt 1 view .LVU87
  43:Core/Src/tim.c ****   {
 333              		.loc 1 43 7 is_stmt 0 view .LVU88
ARM GAS  C:\Users\86152\AppData\Local\Temp\ccmSzmuT.s 			page 11


 334 0036 FFF7FEFF 		bl	HAL_TIM_Base_Init
 335              	.LVL9:
  43:Core/Src/tim.c ****   {
 336              		.loc 1 43 6 view .LVU89
 337 003a 28BB     		cbnz	r0, .L24
 338              	.L18:
  47:Core/Src/tim.c ****   if (HAL_TIM_ConfigClockSource(&htim4, &sClockSourceConfig) != HAL_OK)
 339              		.loc 1 47 3 is_stmt 1 view .LVU90
  47:Core/Src/tim.c ****   if (HAL_TIM_ConfigClockSource(&htim4, &sClockSourceConfig) != HAL_OK)
 340              		.loc 1 47 34 is_stmt 0 view .LVU91
 341 003c 4FF48053 		mov	r3, #4096
 342 0040 0A93     		str	r3, [sp, #40]
  48:Core/Src/tim.c ****   {
 343              		.loc 1 48 3 is_stmt 1 view .LVU92
  48:Core/Src/tim.c ****   {
 344              		.loc 1 48 7 is_stmt 0 view .LVU93
 345 0042 0AA9     		add	r1, sp, #40
 346 0044 1848     		ldr	r0, .L29
 347 0046 FFF7FEFF 		bl	HAL_TIM_ConfigClockSource
 348              	.LVL10:
  48:Core/Src/tim.c ****   {
 349              		.loc 1 48 6 view .LVU94
 350 004a 00BB     		cbnz	r0, .L25
 351              	.L19:
  52:Core/Src/tim.c ****   {
 352              		.loc 1 52 3 is_stmt 1 view .LVU95
  52:Core/Src/tim.c ****   {
 353              		.loc 1 52 7 is_stmt 0 view .LVU96
 354 004c 1648     		ldr	r0, .L29
 355 004e FFF7FEFF 		bl	HAL_TIM_PWM_Init
 356              	.LVL11:
  52:Core/Src/tim.c ****   {
 357              		.loc 1 52 6 view .LVU97
 358 0052 F8B9     		cbnz	r0, .L26
 359              	.L20:
  56:Core/Src/tim.c ****   sMasterConfig.MasterSlaveMode = TIM_MASTERSLAVEMODE_DISABLE;
 360              		.loc 1 56 3 is_stmt 1 view .LVU98
  56:Core/Src/tim.c ****   sMasterConfig.MasterSlaveMode = TIM_MASTERSLAVEMODE_DISABLE;
 361              		.loc 1 56 37 is_stmt 0 view .LVU99
 362 0054 0023     		movs	r3, #0
 363 0056 0893     		str	r3, [sp, #32]
  57:Core/Src/tim.c ****   if (HAL_TIMEx_MasterConfigSynchronization(&htim4, &sMasterConfig) != HAL_OK)
 364              		.loc 1 57 3 is_stmt 1 view .LVU100
  57:Core/Src/tim.c ****   if (HAL_TIMEx_MasterConfigSynchronization(&htim4, &sMasterConfig) != HAL_OK)
 365              		.loc 1 57 33 is_stmt 0 view .LVU101
 366 0058 0993     		str	r3, [sp, #36]
  58:Core/Src/tim.c ****   {
 367              		.loc 1 58 3 is_stmt 1 view .LVU102
  58:Core/Src/tim.c ****   {
 368              		.loc 1 58 7 is_stmt 0 view .LVU103
 369 005a 08A9     		add	r1, sp, #32
 370 005c 1248     		ldr	r0, .L29
 371 005e FFF7FEFF 		bl	HAL_TIMEx_MasterConfigSynchronization
 372              	.LVL12:
  58:Core/Src/tim.c ****   {
 373              		.loc 1 58 6 view .LVU104
 374 0062 D0B9     		cbnz	r0, .L27
ARM GAS  C:\Users\86152\AppData\Local\Temp\ccmSzmuT.s 			page 12


 375              	.L21:
  62:Core/Src/tim.c ****   sConfigOC.Pulse = 0;
 376              		.loc 1 62 3 is_stmt 1 view .LVU105
  62:Core/Src/tim.c ****   sConfigOC.Pulse = 0;
 377              		.loc 1 62 20 is_stmt 0 view .LVU106
 378 0064 6023     		movs	r3, #96
 379 0066 0193     		str	r3, [sp, #4]
  63:Core/Src/tim.c ****   sConfigOC.OCPolarity = TIM_OCPOLARITY_HIGH;
 380              		.loc 1 63 3 is_stmt 1 view .LVU107
  63:Core/Src/tim.c ****   sConfigOC.OCPolarity = TIM_OCPOLARITY_HIGH;
 381              		.loc 1 63 19 is_stmt 0 view .LVU108
 382 0068 0023     		movs	r3, #0
 383 006a 0293     		str	r3, [sp, #8]
  64:Core/Src/tim.c ****   sConfigOC.OCFastMode = TIM_OCFAST_DISABLE;
 384              		.loc 1 64 3 is_stmt 1 view .LVU109
  64:Core/Src/tim.c ****   sConfigOC.OCFastMode = TIM_OCFAST_DISABLE;
 385              		.loc 1 64 24 is_stmt 0 view .LVU110
 386 006c 0393     		str	r3, [sp, #12]
  65:Core/Src/tim.c ****   if (HAL_TIM_PWM_ConfigChannel(&htim4, &sConfigOC, TIM_CHANNEL_3) != HAL_OK)
 387              		.loc 1 65 3 is_stmt 1 view .LVU111
  65:Core/Src/tim.c ****   if (HAL_TIM_PWM_ConfigChannel(&htim4, &sConfigOC, TIM_CHANNEL_3) != HAL_OK)
 388              		.loc 1 65 24 is_stmt 0 view .LVU112
 389 006e 0593     		str	r3, [sp, #20]
  66:Core/Src/tim.c ****   {
 390              		.loc 1 66 3 is_stmt 1 view .LVU113
  66:Core/Src/tim.c ****   {
 391              		.loc 1 66 7 is_stmt 0 view .LVU114
 392 0070 0822     		movs	r2, #8
 393 0072 01A9     		add	r1, sp, #4
 394 0074 0C48     		ldr	r0, .L29
 395 0076 FFF7FEFF 		bl	HAL_TIM_PWM_ConfigChannel
 396              	.LVL13:
  66:Core/Src/tim.c ****   {
 397              		.loc 1 66 6 view .LVU115
 398 007a 88B9     		cbnz	r0, .L28
 399              	.L22:
  70:Core/Src/tim.c **** }
 400              		.loc 1 70 3 is_stmt 1 view .LVU116
 401 007c 0A48     		ldr	r0, .L29
 402 007e FFF7FEFF 		bl	HAL_TIM_MspPostInit
 403              	.LVL14:
  71:Core/Src/tim.c **** /* TIM10 init function */
 404              		.loc 1 71 1 is_stmt 0 view .LVU117
 405 0082 0FB0     		add	sp, sp, #60
 406              	.LCFI9:
 407              		.cfi_remember_state
 408              		.cfi_def_cfa_offset 4
 409              		@ sp needed
 410 0084 5DF804FB 		ldr	pc, [sp], #4
 411              	.L24:
 412              	.LCFI10:
 413              		.cfi_restore_state
  45:Core/Src/tim.c ****   }
 414              		.loc 1 45 5 is_stmt 1 view .LVU118
 415 0088 FFF7FEFF 		bl	Error_Handler
 416              	.LVL15:
 417 008c D6E7     		b	.L18
ARM GAS  C:\Users\86152\AppData\Local\Temp\ccmSzmuT.s 			page 13


 418              	.L25:
  50:Core/Src/tim.c ****   }
 419              		.loc 1 50 5 view .LVU119
 420 008e FFF7FEFF 		bl	Error_Handler
 421              	.LVL16:
 422 0092 DBE7     		b	.L19
 423              	.L26:
  54:Core/Src/tim.c ****   }
 424              		.loc 1 54 5 view .LVU120
 425 0094 FFF7FEFF 		bl	Error_Handler
 426              	.LVL17:
 427 0098 DCE7     		b	.L20
 428              	.L27:
  60:Core/Src/tim.c ****   }
 429              		.loc 1 60 5 view .LVU121
 430 009a FFF7FEFF 		bl	Error_Handler
 431              	.LVL18:
 432 009e E1E7     		b	.L21
 433              	.L28:
  68:Core/Src/tim.c ****   }
 434              		.loc 1 68 5 view .LVU122
 435 00a0 FFF7FEFF 		bl	Error_Handler
 436              	.LVL19:
 437 00a4 EAE7     		b	.L22
 438              	.L30:
 439 00a6 00BF     		.align	2
 440              	.L29:
 441 00a8 00000000 		.word	.LANCHOR0
 442 00ac 00080040 		.word	1073743872
 443              		.cfi_endproc
 444              	.LFE130:
 446              		.section	.text.MX_TIM10_Init,"ax",%progbits
 447              		.align	1
 448              		.global	MX_TIM10_Init
 449              		.syntax unified
 450              		.thumb
 451              		.thumb_func
 453              	MX_TIM10_Init:
 454              	.LFB131:
  74:Core/Src/tim.c ****   TIM_OC_InitTypeDef sConfigOC = {0};
 455              		.loc 1 74 1 view -0
 456              		.cfi_startproc
 457              		@ args = 0, pretend = 0, frame = 32
 458              		@ frame_needed = 0, uses_anonymous_args = 0
 459 0000 00B5     		push	{lr}
 460              	.LCFI11:
 461              		.cfi_def_cfa_offset 4
 462              		.cfi_offset 14, -4
 463 0002 89B0     		sub	sp, sp, #36
 464              	.LCFI12:
 465              		.cfi_def_cfa_offset 40
  75:Core/Src/tim.c **** 
 466              		.loc 1 75 3 view .LVU124
  75:Core/Src/tim.c **** 
 467              		.loc 1 75 22 is_stmt 0 view .LVU125
 468 0004 0023     		movs	r3, #0
 469 0006 0193     		str	r3, [sp, #4]
ARM GAS  C:\Users\86152\AppData\Local\Temp\ccmSzmuT.s 			page 14


 470 0008 0293     		str	r3, [sp, #8]
 471 000a 0393     		str	r3, [sp, #12]
 472 000c 0493     		str	r3, [sp, #16]
 473 000e 0593     		str	r3, [sp, #20]
 474 0010 0693     		str	r3, [sp, #24]
 475 0012 0793     		str	r3, [sp, #28]
  77:Core/Src/tim.c ****   htim10.Init.Prescaler = 84 - 1;
 476              		.loc 1 77 3 is_stmt 1 view .LVU126
  77:Core/Src/tim.c ****   htim10.Init.Prescaler = 84 - 1;
 477              		.loc 1 77 19 is_stmt 0 view .LVU127
 478 0014 1548     		ldr	r0, .L39
 479 0016 164A     		ldr	r2, .L39+4
 480 0018 0260     		str	r2, [r0]
  78:Core/Src/tim.c ****   htim10.Init.CounterMode = TIM_COUNTERMODE_UP;
 481              		.loc 1 78 3 is_stmt 1 view .LVU128
  78:Core/Src/tim.c ****   htim10.Init.CounterMode = TIM_COUNTERMODE_UP;
 482              		.loc 1 78 25 is_stmt 0 view .LVU129
 483 001a 5322     		movs	r2, #83
 484 001c 4260     		str	r2, [r0, #4]
  79:Core/Src/tim.c ****   htim10.Init.Period = 2000 - 1;
 485              		.loc 1 79 3 is_stmt 1 view .LVU130
  79:Core/Src/tim.c ****   htim10.Init.Period = 2000 - 1;
 486              		.loc 1 79 27 is_stmt 0 view .LVU131
 487 001e 8360     		str	r3, [r0, #8]
  80:Core/Src/tim.c ****   htim10.Init.ClockDivision = TIM_CLOCKDIVISION_DIV1;
 488              		.loc 1 80 3 is_stmt 1 view .LVU132
  80:Core/Src/tim.c ****   htim10.Init.ClockDivision = TIM_CLOCKDIVISION_DIV1;
 489              		.loc 1 80 22 is_stmt 0 view .LVU133
 490 0020 40F2CF72 		movw	r2, #1999
 491 0024 C260     		str	r2, [r0, #12]
  81:Core/Src/tim.c ****   htim10.Init.AutoReloadPreload = TIM_AUTORELOAD_PRELOAD_DISABLE;
 492              		.loc 1 81 3 is_stmt 1 view .LVU134
  81:Core/Src/tim.c ****   htim10.Init.AutoReloadPreload = TIM_AUTORELOAD_PRELOAD_DISABLE;
 493              		.loc 1 81 29 is_stmt 0 view .LVU135
 494 0026 0361     		str	r3, [r0, #16]
  82:Core/Src/tim.c ****   if (HAL_TIM_Base_Init(&htim10) != HAL_OK)
 495              		.loc 1 82 3 is_stmt 1 view .LVU136
  82:Core/Src/tim.c ****   if (HAL_TIM_Base_Init(&htim10) != HAL_OK)
 496              		.loc 1 82 33 is_stmt 0 view .LVU137
 497 0028 8361     		str	r3, [r0, #24]
  83:Core/Src/tim.c ****   {
 498              		.loc 1 83 3 is_stmt 1 view .LVU138
  83:Core/Src/tim.c ****   {
 499              		.loc 1 83 7 is_stmt 0 view .LVU139
 500 002a FFF7FEFF 		bl	HAL_TIM_Base_Init
 501              	.LVL20:
  83:Core/Src/tim.c ****   {
 502              		.loc 1 83 6 view .LVU140
 503 002e A0B9     		cbnz	r0, .L36
 504              	.L32:
  87:Core/Src/tim.c ****   {
 505              		.loc 1 87 3 is_stmt 1 view .LVU141
  87:Core/Src/tim.c ****   {
 506              		.loc 1 87 7 is_stmt 0 view .LVU142
 507 0030 0E48     		ldr	r0, .L39
 508 0032 FFF7FEFF 		bl	HAL_TIM_PWM_Init
 509              	.LVL21:
ARM GAS  C:\Users\86152\AppData\Local\Temp\ccmSzmuT.s 			page 15


  87:Core/Src/tim.c ****   {
 510              		.loc 1 87 6 view .LVU143
 511 0036 98B9     		cbnz	r0, .L37
 512              	.L33:
  91:Core/Src/tim.c ****   sConfigOC.Pulse = 0;
 513              		.loc 1 91 3 is_stmt 1 view .LVU144
  91:Core/Src/tim.c ****   sConfigOC.Pulse = 0;
 514              		.loc 1 91 20 is_stmt 0 view .LVU145
 515 0038 6023     		movs	r3, #96
 516 003a 0193     		str	r3, [sp, #4]
  92:Core/Src/tim.c ****   sConfigOC.OCPolarity = TIM_OCPOLARITY_HIGH;
 517              		.loc 1 92 3 is_stmt 1 view .LVU146
  92:Core/Src/tim.c ****   sConfigOC.OCPolarity = TIM_OCPOLARITY_HIGH;
 518              		.loc 1 92 19 is_stmt 0 view .LVU147
 519 003c 0022     		movs	r2, #0
 520 003e 0292     		str	r2, [sp, #8]
  93:Core/Src/tim.c ****   sConfigOC.OCFastMode = TIM_OCFAST_DISABLE;
 521              		.loc 1 93 3 is_stmt 1 view .LVU148
  93:Core/Src/tim.c ****   sConfigOC.OCFastMode = TIM_OCFAST_DISABLE;
 522              		.loc 1 93 24 is_stmt 0 view .LVU149
 523 0040 0392     		str	r2, [sp, #12]
  94:Core/Src/tim.c ****   if (HAL_TIM_PWM_ConfigChannel(&htim10, &sConfigOC, TIM_CHANNEL_1) != HAL_OK)
 524              		.loc 1 94 3 is_stmt 1 view .LVU150
  94:Core/Src/tim.c ****   if (HAL_TIM_PWM_ConfigChannel(&htim10, &sConfigOC, TIM_CHANNEL_1) != HAL_OK)
 525              		.loc 1 94 24 is_stmt 0 view .LVU151
 526 0042 0592     		str	r2, [sp, #20]
  95:Core/Src/tim.c ****   {
 527              		.loc 1 95 3 is_stmt 1 view .LVU152
  95:Core/Src/tim.c ****   {
 528              		.loc 1 95 7 is_stmt 0 view .LVU153
 529 0044 01A9     		add	r1, sp, #4
 530 0046 0948     		ldr	r0, .L39
 531 0048 FFF7FEFF 		bl	HAL_TIM_PWM_ConfigChannel
 532              	.LVL22:
  95:Core/Src/tim.c ****   {
 533              		.loc 1 95 6 view .LVU154
 534 004c 58B9     		cbnz	r0, .L38
 535              	.L34:
  99:Core/Src/tim.c **** }
 536              		.loc 1 99 3 is_stmt 1 view .LVU155
 537 004e 0748     		ldr	r0, .L39
 538 0050 FFF7FEFF 		bl	HAL_TIM_MspPostInit
 539              	.LVL23:
 100:Core/Src/tim.c **** 
 540              		.loc 1 100 1 is_stmt 0 view .LVU156
 541 0054 09B0     		add	sp, sp, #36
 542              	.LCFI13:
 543              		.cfi_remember_state
 544              		.cfi_def_cfa_offset 4
 545              		@ sp needed
 546 0056 5DF804FB 		ldr	pc, [sp], #4
 547              	.L36:
 548              	.LCFI14:
 549              		.cfi_restore_state
  85:Core/Src/tim.c ****   }
 550              		.loc 1 85 5 is_stmt 1 view .LVU157
 551 005a FFF7FEFF 		bl	Error_Handler
ARM GAS  C:\Users\86152\AppData\Local\Temp\ccmSzmuT.s 			page 16


 552              	.LVL24:
 553 005e E7E7     		b	.L32
 554              	.L37:
  89:Core/Src/tim.c ****   }
 555              		.loc 1 89 5 view .LVU158
 556 0060 FFF7FEFF 		bl	Error_Handler
 557              	.LVL25:
 558 0064 E8E7     		b	.L33
 559              	.L38:
  97:Core/Src/tim.c ****   }
 560              		.loc 1 97 5 view .LVU159
 561 0066 FFF7FEFF 		bl	Error_Handler
 562              	.LVL26:
 563 006a F0E7     		b	.L34
 564              	.L40:
 565              		.align	2
 566              	.L39:
 567 006c 00000000 		.word	.LANCHOR1
 568 0070 00440140 		.word	1073824768
 569              		.cfi_endproc
 570              	.LFE131:
 572              		.section	.text.HAL_TIM_Base_MspDeInit,"ax",%progbits
 573              		.align	1
 574              		.global	HAL_TIM_Base_MspDeInit
 575              		.syntax unified
 576              		.thumb
 577              		.thumb_func
 579              	HAL_TIM_Base_MspDeInit:
 580              	.LVL27:
 581              	.LFB134:
 174:Core/Src/tim.c **** 
 175:Core/Src/tim.c **** void HAL_TIM_Base_MspDeInit(TIM_HandleTypeDef *tim_baseHandle)
 176:Core/Src/tim.c **** {
 582              		.loc 1 176 1 view -0
 583              		.cfi_startproc
 584              		@ args = 0, pretend = 0, frame = 0
 585              		@ frame_needed = 0, uses_anonymous_args = 0
 586              		@ link register save eliminated.
 177:Core/Src/tim.c **** 
 178:Core/Src/tim.c ****   if (tim_baseHandle->Instance == TIM4)
 587              		.loc 1 178 3 view .LVU161
 588              		.loc 1 178 21 is_stmt 0 view .LVU162
 589 0000 0368     		ldr	r3, [r0]
 590              		.loc 1 178 6 view .LVU163
 591 0002 0A4A     		ldr	r2, .L46
 592 0004 9342     		cmp	r3, r2
 593 0006 03D0     		beq	.L44
 179:Core/Src/tim.c ****   {
 180:Core/Src/tim.c ****     /* USER CODE BEGIN TIM4_MspDeInit 0 */
 181:Core/Src/tim.c **** 
 182:Core/Src/tim.c ****     /* USER CODE END TIM4_MspDeInit 0 */
 183:Core/Src/tim.c ****     /* Peripheral clock disable */
 184:Core/Src/tim.c ****     __HAL_RCC_TIM4_CLK_DISABLE();
 185:Core/Src/tim.c ****     /* USER CODE BEGIN TIM4_MspDeInit 1 */
 186:Core/Src/tim.c **** 
 187:Core/Src/tim.c ****     /* USER CODE END TIM4_MspDeInit 1 */
 188:Core/Src/tim.c ****   }
ARM GAS  C:\Users\86152\AppData\Local\Temp\ccmSzmuT.s 			page 17


 189:Core/Src/tim.c ****   else if (tim_baseHandle->Instance == TIM10)
 594              		.loc 1 189 8 is_stmt 1 view .LVU164
 595              		.loc 1 189 11 is_stmt 0 view .LVU165
 596 0008 094A     		ldr	r2, .L46+4
 597 000a 9342     		cmp	r3, r2
 598 000c 07D0     		beq	.L45
 599              	.L41:
 190:Core/Src/tim.c ****   {
 191:Core/Src/tim.c ****     /* USER CODE BEGIN TIM10_MspDeInit 0 */
 192:Core/Src/tim.c **** 
 193:Core/Src/tim.c ****     /* USER CODE END TIM10_MspDeInit 0 */
 194:Core/Src/tim.c ****     /* Peripheral clock disable */
 195:Core/Src/tim.c ****     __HAL_RCC_TIM10_CLK_DISABLE();
 196:Core/Src/tim.c ****     /* USER CODE BEGIN TIM10_MspDeInit 1 */
 197:Core/Src/tim.c **** 
 198:Core/Src/tim.c ****     /* USER CODE END TIM10_MspDeInit 1 */
 199:Core/Src/tim.c ****   }
 200:Core/Src/tim.c **** }
 600              		.loc 1 200 1 view .LVU166
 601 000e 7047     		bx	lr
 602              	.L44:
 184:Core/Src/tim.c ****     /* USER CODE BEGIN TIM4_MspDeInit 1 */
 603              		.loc 1 184 5 is_stmt 1 view .LVU167
 604 0010 02F50C32 		add	r2, r2, #143360
 605 0014 136C     		ldr	r3, [r2, #64]
 606 0016 23F00403 		bic	r3, r3, #4
 607 001a 1364     		str	r3, [r2, #64]
 608 001c 7047     		bx	lr
 609              	.L45:
 195:Core/Src/tim.c ****     /* USER CODE BEGIN TIM10_MspDeInit 1 */
 610              		.loc 1 195 5 view .LVU168
 611 001e 02F57442 		add	r2, r2, #62464
 612 0022 536C     		ldr	r3, [r2, #68]
 613 0024 23F40033 		bic	r3, r3, #131072
 614 0028 5364     		str	r3, [r2, #68]
 615              		.loc 1 200 1 is_stmt 0 view .LVU169
 616 002a F0E7     		b	.L41
 617              	.L47:
 618              		.align	2
 619              	.L46:
 620 002c 00080040 		.word	1073743872
 621 0030 00440140 		.word	1073824768
 622              		.cfi_endproc
 623              	.LFE134:
 625              		.global	htim10
 626              		.global	htim4
 627              		.section	.bss.htim10,"aw",%nobits
 628              		.align	2
 629              		.set	.LANCHOR1,. + 0
 632              	htim10:
 633 0000 00000000 		.space	64
 633      00000000 
 633      00000000 
 633      00000000 
 633      00000000 
 634              		.section	.bss.htim4,"aw",%nobits
 635              		.align	2
ARM GAS  C:\Users\86152\AppData\Local\Temp\ccmSzmuT.s 			page 18


 636              		.set	.LANCHOR0,. + 0
 639              	htim4:
 640 0000 00000000 		.space	64
 640      00000000 
 640      00000000 
 640      00000000 
 640      00000000 
 641              		.text
 642              	.Letext0:
 643              		.file 2 "c:\\program files (x86)\\gnu arm embedded toolchain\\10 2021.10\\arm-none-eabi\\include\\
 644              		.file 3 "c:\\program files (x86)\\gnu arm embedded toolchain\\10 2021.10\\arm-none-eabi\\include\\
 645              		.file 4 "Drivers/CMSIS/Device/ST/STM32F4xx/Include/stm32f407xx.h"
 646              		.file 5 "Drivers/STM32F4xx_HAL_Driver/Inc/stm32f4xx_hal_def.h"
 647              		.file 6 "Drivers/STM32F4xx_HAL_Driver/Inc/stm32f4xx_hal_gpio.h"
 648              		.file 7 "Drivers/STM32F4xx_HAL_Driver/Inc/stm32f4xx_hal_dma.h"
 649              		.file 8 "Drivers/STM32F4xx_HAL_Driver/Inc/stm32f4xx_hal_tim.h"
 650              		.file 9 "Core/Inc/tim.h"
 651              		.file 10 "Core/Inc/main.h"
 652              		.file 11 "Drivers/STM32F4xx_HAL_Driver/Inc/stm32f4xx_hal_tim_ex.h"
ARM GAS  C:\Users\86152\AppData\Local\Temp\ccmSzmuT.s 			page 19


DEFINED SYMBOLS
                            *ABS*:00000000 tim.c
C:\Users\86152\AppData\Local\Temp\ccmSzmuT.s:20     .text.HAL_TIM_Base_MspInit:00000000 $t
C:\Users\86152\AppData\Local\Temp\ccmSzmuT.s:26     .text.HAL_TIM_Base_MspInit:00000000 HAL_TIM_Base_MspInit
C:\Users\86152\AppData\Local\Temp\ccmSzmuT.s:105    .text.HAL_TIM_Base_MspInit:00000048 $d
C:\Users\86152\AppData\Local\Temp\ccmSzmuT.s:112    .text.HAL_TIM_MspPostInit:00000000 $t
C:\Users\86152\AppData\Local\Temp\ccmSzmuT.s:118    .text.HAL_TIM_MspPostInit:00000000 HAL_TIM_MspPostInit
C:\Users\86152\AppData\Local\Temp\ccmSzmuT.s:262    .text.HAL_TIM_MspPostInit:00000090 $d
C:\Users\86152\AppData\Local\Temp\ccmSzmuT.s:271    .text.MX_TIM4_Init:00000000 $t
C:\Users\86152\AppData\Local\Temp\ccmSzmuT.s:277    .text.MX_TIM4_Init:00000000 MX_TIM4_Init
C:\Users\86152\AppData\Local\Temp\ccmSzmuT.s:441    .text.MX_TIM4_Init:000000a8 $d
C:\Users\86152\AppData\Local\Temp\ccmSzmuT.s:447    .text.MX_TIM10_Init:00000000 $t
C:\Users\86152\AppData\Local\Temp\ccmSzmuT.s:453    .text.MX_TIM10_Init:00000000 MX_TIM10_Init
C:\Users\86152\AppData\Local\Temp\ccmSzmuT.s:567    .text.MX_TIM10_Init:0000006c $d
C:\Users\86152\AppData\Local\Temp\ccmSzmuT.s:573    .text.HAL_TIM_Base_MspDeInit:00000000 $t
C:\Users\86152\AppData\Local\Temp\ccmSzmuT.s:579    .text.HAL_TIM_Base_MspDeInit:00000000 HAL_TIM_Base_MspDeInit
C:\Users\86152\AppData\Local\Temp\ccmSzmuT.s:620    .text.HAL_TIM_Base_MspDeInit:0000002c $d
C:\Users\86152\AppData\Local\Temp\ccmSzmuT.s:632    .bss.htim10:00000000 htim10
C:\Users\86152\AppData\Local\Temp\ccmSzmuT.s:639    .bss.htim4:00000000 htim4
C:\Users\86152\AppData\Local\Temp\ccmSzmuT.s:628    .bss.htim10:00000000 $d
C:\Users\86152\AppData\Local\Temp\ccmSzmuT.s:635    .bss.htim4:00000000 $d

UNDEFINED SYMBOLS
HAL_GPIO_Init
HAL_TIM_Base_Init
HAL_TIM_ConfigClockSource
HAL_TIM_PWM_Init
HAL_TIMEx_MasterConfigSynchronization
HAL_TIM_PWM_ConfigChannel
Error_Handler
